[src/logging.rs::60][2024-07-09 15:56:33][DEBUG] command line: /data/kzkarttu/software/modkit/modkit pileup ../align/concatenated/GP5d_DNMTi_HDACi_concatenated.bam stdout -t 40 --log-filepath pileup_GpC_no_GCG.log --ref /data/kzkarttu/annotations/genome/GRCh38.primary_assembly.genome.fa --ignore h --motif GCT 1 --motif GCA 1 --motif GCC 1
[src/logging.rs::60][2024-07-09 15:57:59][DEBUG] command line: /data/kzkarttu/software/modkit/modkit pileup ../data/Nanopore/GP5d_DNMTi_HDACi/align/concatenated/GP5d_DNMTi_HDACi_concatenated.bam stdout -t 40 --log-filepath pileup_GpC_no_GCG.log --ref /data/kzkarttu/annotations/genome/GRCh38.primary_assembly.genome.fa --ignore h --motif GCT 1 --motif GCA 1 --motif GCC 1
[src/pileup/subcommand.rs::448][2024-07-09 15:57:59][INFO] calculated chunk size: 60, interval size 100000, processing 6000000 positions concurrently
[src/pileup/subcommand.rs::489][2024-07-09 15:57:59][INFO] ignoring mod code h
[src/motif_bed.rs::601][2024-07-09 15:58:42][DEBUG] motif GCC,1 has 13 positions in tid 83, took 0.0010s (2.387 kb/msec)
[src/motif_bed.rs::601][2024-07-09 15:58:42][DEBUG] motif GCC,1 has 6 positions in tid 56, took 0.0010s (1.368 kb/msec)
[src/motif_bed.rs::601][2024-07-09 15:58:42][DEBUG] motif GCA,1 has 24 positions in tid 87, took 0.0010s (0.97 kb/msec)
[src/motif_bed.rs::601][2024-07-09 15:58:42][DEBUG] motif GCC,1 has 34 positions in tid 111, took 0.0010s (1.951 kb/msec)
[src/motif_bed.rs::601][2024-07-09 15:58:42][DEBUG] motif GCC,1 has 32 positions in tid 62, took 0.0010s (3.53 kb/msec)
[src/motif_bed.rs::601][2024-07-09 15:58:42][DEBUG] motif GCC,1 has 9 positions in tid 61, took 0.0010s (1.428 kb/msec)
[src/motif_bed.rs::601][2024-07-09 15:58:42][DEBUG] motif GCA,1 has 85 positions in tid 50, took 0.0020s (18.845 kb/msec)
[src/motif_bed.rs::601][2024-07-09 15:58:42][DEBUG] motif GCC,1 has 11 positions in tid 134, took 0.0010s (1.4 kb/msec)
[src/motif_bed.rs::601][2024-07-09 15:58:42][DEBUG] motif GCC,1 has 6 positions in tid 60, took 0.0000s (inf kb/msec)
[src/motif_bed.rs::601][2024-07-09 15:58:42][DEBUG] motif GCA,1 has 999 positions in tid 143, took 0.0030s (10.677333333333333 kb/msec)
[src/motif_bed.rs::601][2024-07-09 15:58:42][DEBUG] motif GCC,1 has 26 positions in tid 113, took 0.0000s (inf kb/msec)
[src/motif_bed.rs::601][2024-07-09 15:58:42][DEBUG] motif GCC,1 has 34 positions in tid 92, took 0.0000s (inf kb/msec)
[src/motif_bed.rs::601][2024-07-09 15:58:42][DEBUG] motif GCA,1 has 10 positions in tid 59, took 0.0020s (0.5605 kb/msec)
[src/motif_bed.rs::601][2024-07-09 15:58:42][DEBUG] motif GCC,1 has 5 positions in tid 87, took 0.0020s (0.485 kb/msec)
[src/motif_bed.rs::601][2024-07-09 15:58:42][DEBUG] motif GCA,1 has 58 positions in tid 111, took 0.0020s (0.9755 kb/msec)
[src/motif_bed.rs::601][2024-07-09 15:58:42][DEBUG] motif GCA,1 has 48 positions in tid 56, took 0.0020s (0.684 kb/msec)
[src/motif_bed.rs::601][2024-07-09 15:58:42][DEBUG] motif GCA,1 has 949 positions in tid 146, took 0.0010s (40.176 kb/msec)
[src/motif_bed.rs::601][2024-07-09 15:58:42][DEBUG] motif GCA,1 has 28 positions in tid 78, took 0.0020s (0.495 kb/msec)
[src/motif_bed.rs::601][2024-07-09 15:58:42][DEBUG] motif GCC,1 has 22 positions in tid 93, took 0.0000s (inf kb/msec)
[src/motif_bed.rs::601][2024-07-09 15:58:42][DEBUG] motif GCC,1 has 18 positions in tid 99, took 0.0000s (inf kb/msec)
[src/motif_bed.rs::601][2024-07-09 15:58:42][DEBUG] motif GCA,1 has 1061 positions in tid 191, took 0.0010s (36.723 kb/msec)
[src/motif_bed.rs::601][2024-07-09 15:58:42][DEBUG] motif GCA,1 has 4736 positions in tid 155, took 0.0050s (35.369 kb/msec)
[src/motif_bed.rs::601][2024-07-09 15:58:42][DEBUG] motif GCC,1 has 16 positions in tid 67, took 0.0020s (0.825 kb/msec)
[src/motif_bed.rs::601][2024-07-09 15:58:42][DEBUG] motif GCT,1 has 57 positions in tid 111, took 0.0020s (0.9755 kb/msec)
[src/motif_bed.rs::601][2024-07-09 15:58:42][DEBUG] motif GCA,1 has 8 positions in tid 58, took 0.0020s (0.513 kb/msec)
[src/motif_bed.rs::601][2024-07-09 15:58:42][DEBUG] motif GCA,1 has 1270 positions in tid 192, took 0.0030s (26.53 kb/msec)
[src/motif_bed.rs::601][2024-07-09 15:58:42][DEBUG] motif GCC,1 has 17 positions in tid 68, took 0.0020s (0.7255 kb/msec)
[src/motif_bed.rs::601][2024-07-09 15:58:42][DEBUG] motif GCC,1 has 6 positions in tid 108, took 0.0000s (inf kb/msec)
[src/motif_bed.rs::601][2024-07-09 15:58:42][DEBUG] motif GCC,1 has 20 positions in tid 44, took 0.0000s (inf kb/msec)
[src/motif_bed.rs::601][2024-07-09 15:58:42][DEBUG] motif GCC,1 has 10 positions in tid 84, took 0.0000s (inf kb/msec)
[src/motif_bed.rs::601][2024-07-09 15:58:42][DEBUG] motif GCA,1 has 1084 positions in tid 156, took 0.0030s (13.016666666666667 kb/msec)
[src/motif_bed.rs::601][2024-07-09 15:58:42][DEBUG] motif GCA,1 has 1090 positions in tid 138, took 0.0030s (14.824666666666667 kb/msec)
[src/motif_bed.rs::601][2024-07-09 15:58:42][DEBUG] motif GCT,1 has 919 positions in tid 143, took 0.0020s (16.016 kb/msec)
[src/motif_bed.rs::601][2024-07-09 15:58:42][DEBUG] motif GCT,1 has 20 positions in tid 87, took 0.0010s (0.97 kb/msec)
[src/motif_bed.rs::601][2024-07-09 15:58:42][DEBUG] motif GCC,1 has 25 positions in tid 90, took 0.0000s (inf kb/msec)
[src/motif_bed.rs::601][2024-07-09 15:58:42][DEBUG] motif GCC,1 has 0 positions in tid 59, took 0.0020s (0.5605 kb/msec)
[src/motif_bed.rs::601][2024-07-09 15:58:42][DEBUG] motif GCA,1 has 4965 positions in tid 35, took 0.0020s (89.599 kb/msec)
[src/motif_bed.rs::601][2024-07-09 15:58:42][DEBUG] motif GCA,1 has 6212 positions in tid 170, took 0.0040s (41.2625 kb/msec)
[src/motif_bed.rs::601][2024-07-09 15:58:42][DEBUG] motif GCA,1 has 1309 positions in tid 160, took 0.0000s (inf kb/msec)
[src/motif_bed.rs::601][2024-07-09 15:58:42][DEBUG] motif GCC,1 has 4 positions in tid 58, took 0.0000s (inf kb/msec)
[src/motif_bed.rs::601][2024-07-09 15:58:42][DEBUG] motif GCA,1 has 38 positions in tid 71, took 0.0000s (inf kb/msec)
[src/motif_bed.rs::601][2024-07-09 15:58:42][DEBUG] motif GCA,1 has 1434 positions in tid 145, took 0.0010s (66.86 kb/msec)
[src/motif_bed.rs::601][2024-07-09 15:58:42][DEBUG] motif GCA,1 has 78 positions in tid 93, took 0.0000s (inf kb/msec)
[src/motif_bed.rs::601][2024-07-09 15:58:42][DEBUG] motif GCA,1 has 30 positions in tid 85, took 0.0000s (inf kb/msec)
[src/motif_bed.rs::601][2024-07-09 15:58:42][DEBUG] motif GCA,1 has 42 positions in tid 134, took 0.0000s (inf kb/msec)
[src/motif_bed.rs::601][2024-07-09 15:58:42][DEBUG] motif GCA,1 has 35 positions in tid 98, took 0.0000s (inf kb/msec)
[src/motif_bed.rs::601][2024-07-09 15:58:42][DEBUG] motif GCC,1 has 20 positions in tid 94, took 0.0000s (inf kb/msec)
[src/motif_bed.rs::601][2024-07-09 15:58:42][DEBUG] motif GCA,1 has 54 positions in tid 60, took 0.0000s (inf kb/msec)
[src/motif_bed.rs::601][2024-07-09 15:58:42][DEBUG] motif GCA,1 has 1132 positions in tid 153, took 0.0000s (inf kb/msec)
[src/motif_bed.rs::601][2024-07-09 15:58:42][DEBUG] motif GCT,1 has 42 positions in tid 56, took 0.0020s (0.684 kb/msec)
[src/motif_bed.rs::601][2024-07-09 15:58:42][DEBUG] motif GCT,1 has 29 positions in tid 134, took 0.0000s (inf kb/msec)
[src/motif_bed.rs::601][2024-07-09 15:58:42][DEBUG] motif GCA,1 has 1951 positions in tid 189, took 0.0010s (62.944 kb/msec)
[src/motif_bed.rs::601][2024-07-09 15:58:42][DEBUG] motif GCT,1 has 38 positions in tid 93, took 0.0000s (inf kb/msec)
[src/motif_bed.rs::601][2024-07-09 15:58:42][DEBUG] motif GCT,1 has 47 positions in tid 60, took 0.0000s (inf kb/msec)
[src/motif_bed.rs::601][2024-07-09 15:58:42][DEBUG] motif GCA,1 has 37 positions in tid 95, took 0.0000s (inf kb/msec)
[src/motif_bed.rs::601][2024-07-09 15:58:42][DEBUG] motif GCA,1 has 1381 positions in tid 176, took 0.0010s (37.24 kb/msec)
[src/motif_bed.rs::601][2024-07-09 15:58:42][DEBUG] motif GCC,1 has 23 positions in tid 109, took 0.0000s (inf kb/msec)
[src/motif_bed.rs::601][2024-07-09 15:58:42][DEBUG] motif GCT,1 has 130 positions in tid 192, took 0.0030s (26.53 kb/msec)
[src/motif_bed.rs::601][2024-07-09 15:58:42][DEBUG] motif GCC,1 has 21 positions in tid 49, took 0.0000s (inf kb/msec)
[src/motif_bed.rs::601][2024-07-09 15:58:42][DEBUG] motif GCA,1 has 4880 positions in tid 180, took 0.0070s (24.06742857142857 kb/msec)
[src/motif_bed.rs::601][2024-07-09 15:58:42][DEBUG] motif GCT,1 has 5979 positions in tid 170, took 0.0070s (23.57857142857143 kb/msec)
[src/motif_bed.rs::601][2024-07-09 15:58:42][DEBUG] motif GCC,1 has 38 positions in tid 69, took 0.0000s (inf kb/msec)
[src/motif_bed.rs::601][2024-07-09 15:58:42][DEBUG] motif GCT,1 has 25 positions in tid 85, took 0.0000s (inf kb/msec)
[src/motif_bed.rs::601][2024-07-09 15:58:42][DEBUG] motif GCT,1 has 1284 positions in tid 191, took 0.0000s (inf kb/msec)
[src/motif_bed.rs::601][2024-07-09 15:58:42][DEBUG] motif GCC,1 has 12 positions in tid 71, took 0.0000s (inf kb/msec)
[src/motif_bed.rs::601][2024-07-09 15:58:42][DEBUG] motif GCA,1 has 1654 positions in tid 182, took 0.0010s (66.486 kb/msec)
[src/motif_bed.rs::601][2024-07-09 15:58:42][DEBUG] motif GCT,1 has 23 positions in tid 98, took 0.0000s (inf kb/msec)
[src/motif_bed.rs::601][2024-07-09 15:58:42][DEBUG] motif GCC,1 has 19 positions in tid 63, took 0.0000s (inf kb/msec)
[src/motif_bed.rs::601][2024-07-09 15:58:42][DEBUG] motif GCT,1 has 22 positions in tid 78, took 0.0000s (inf kb/msec)
[src/motif_bed.rs::601][2024-07-09 15:58:42][DEBUG] motif GCA,1 has 5132 positions in tid 142, took 0.0080s (21.881875 kb/msec)
[src/motif_bed.rs::601][2024-07-09 15:58:42][DEBUG] motif GCA,1 has 1251 positions in tid 147, took 0.0040s (10.5525 kb/msec)
[src/motif_bed.rs::601][2024-07-09 15:58:42][DEBUG] motif GCT,1 has 4952 positions in tid 29, took 0.0080s (23.198875 kb/msec)
[src/motif_bed.rs::601][2024-07-09 15:58:42][DEBUG] motif GCA,1 has 35 positions in tid 88, took 0.0000s (inf kb/msec)
[src/motif_bed.rs::601][2024-07-09 15:58:42][DEBUG] motif GCA,1 has 2028 positions in tid 126, took 0.0010s (91.309 kb/msec)
[src/motif_bed.rs::601][2024-07-09 15:58:42][DEBUG] motif GCA,1 has 5416 positions in tid 29, took 0.0080s (23.198875 kb/msec)
[src/motif_bed.rs::601][2024-07-09 15:58:42][DEBUG] motif GCA,1 has 72 positions in tid 99, took 0.0000s (inf kb/msec)
[src/motif_bed.rs::601][2024-07-09 15:58:42][DEBUG] motif GCA,1 has 1028 positions in tid 171, took 0.0000s (inf kb/msec)
[src/motif_bed.rs::601][2024-07-09 15:58:42][DEBUG] motif GCA,1 has 4560 positions in tid 33, took 0.0030s (58.86933333333333 kb/msec)
[src/motif_bed.rs::601][2024-07-09 15:58:42][DEBUG] motif GCC,1 has 24 positions in tid 43, took 0.0000s (inf kb/msec)
[src/motif_bed.rs::601][2024-07-09 15:58:42][DEBUG] motif GCC,1 has 20 positions in tid 73, took 0.0000s (inf kb/msec)
[src/motif_bed.rs::601][2024-07-09 15:58:42][DEBUG] motif GCC,1 has 5 positions in tid 57, took 0.0000s (inf kb/msec)
[src/motif_bed.rs::601][2024-07-09 15:58:42][DEBUG] motif GCC,1 has 24 positions in tid 125, took 0.0000s (inf kb/msec)
[src/motif_bed.rs::601][2024-07-09 15:58:42][DEBUG] motif GCA,1 has 1107 positions in tid 168, took 0.0020s (20.7715 kb/msec)
[src/motif_bed.rs::601][2024-07-09 15:58:42][DEBUG] motif GCT,1 has 40 positions in tid 99, took 0.0000s (inf kb/msec)
[src/motif_bed.rs::601][2024-07-09 15:58:42][DEBUG] motif GCT,1 has 54 positions in tid 61, took 0.0000s (inf kb/msec)
[src/motif_bed.rs::601][2024-07-09 15:58:42][DEBUG] motif GCA,1 has 24 positions in tid 53, took 0.0000s (inf kb/msec)
[src/motif_bed.rs::601][2024-07-09 15:58:42][DEBUG] motif GCT,1 has 21 positions in tid 49, took 0.0000s (inf kb/msec)
[src/motif_bed.rs::601][2024-07-09 15:58:42][DEBUG] motif GCA,1 has 22 positions in tid 73, took 0.0000s (inf kb/msec)
[src/motif_bed.rs::601][2024-07-09 15:58:42][DEBUG] motif GCC,1 has 11 positions in tid 80, took 0.0000s (inf kb/msec)
[src/motif_bed.rs::601][2024-07-09 15:58:42][DEBUG] motif GCC,1 has 16 positions in tid 97, took 0.0000s (inf kb/msec)
[src/motif_bed.rs::601][2024-07-09 15:58:42][DEBUG] motif GCA,1 has 1909 positions in tid 193, took 0.0010s (71.251 kb/msec)
[src/motif_bed.rs::601][2024-07-09 15:58:42][DEBUG] motif GCA,1 has 4830 positions in tid 38, took 0.0020s (89.8465 kb/msec)
[src/motif_bed.rs::601][2024-07-09 15:58:42][DEBUG] motif GCC,1 has 10 positions in tid 55, took 0.0000s (inf kb/msec)
[src/motif_bed.rs::601][2024-07-09 15:58:42][DEBUG] motif GCC,1 has 4 positions in tid 88, took 0.0000s (inf kb/msec)
[src/motif_bed.rs::601][2024-07-09 15:58:42][DEBUG] motif GCC,1 has 14 positions in tid 91, took 0.0000s (inf kb/msec)
[src/motif_bed.rs::601][2024-07-09 15:58:42][DEBUG] motif GCC,1 has 8 positions in tid 95, took 0.0000s (inf kb/msec)
[src/motif_bed.rs::601][2024-07-09 15:58:42][DEBUG] motif GCA,1 has 4728 positions in tid 169, took 0.0030s (59.924 kb/msec)
[src/motif_bed.rs::601][2024-07-09 15:58:42][DEBUG] motif GCC,1 has 9 positions in tid 89, took 0.0000s (inf kb/msec)
[src/motif_bed.rs::601][2024-07-09 15:58:42][DEBUG] motif GCC,1 has 17 positions in tid 100, took 0.0000s (inf kb/msec)
[src/motif_bed.rs::601][2024-07-09 15:58:42][DEBUG] motif GCA,1 has 1240 positions in tid 162, took 0.0010s (43.739 kb/msec)
[src/motif_bed.rs::601][2024-07-09 15:58:42][DEBUG] motif GCA,1 has 34 positions in tid 72, took 0.0000s (inf kb/msec)
[src/motif_bed.rs::601][2024-07-09 15:58:42][DEBUG] motif GCT,1 has 1069 positions in tid 176, took 0.0000s (inf kb/msec)
[src/motif_bed.rs::601][2024-07-09 15:58:42][DEBUG] motif GCT,1 has 35 positions in tid 127, took 0.0000s (inf kb/msec)
[src/motif_bed.rs::601][2024-07-09 15:58:42][DEBUG] motif GCC,1 has 57 positions in tid 139, took 0.0000s (inf kb/msec)
[src/motif_bed.rs::601][2024-07-09 15:58:42][DEBUG] motif GCA,1 has 106 positions in tid 62, took 0.0000s (inf kb/msec)
[src/motif_bed.rs::601][2024-07-09 15:58:42][DEBUG] motif GCT,1 has 1489 positions in tid 126, took 0.0010s (91.309 kb/msec)
[src/motif_bed.rs::601][2024-07-09 15:58:42][DEBUG] motif GCA,1 has 44 positions in tid 108, took 0.0000s (inf kb/msec)
[src/motif_bed.rs::601][2024-07-09 15:58:42][DEBUG] motif GCC,1 has 54 positions in tid 110, took 0.0000s (inf kb/msec)
[src/motif_bed.rs::601][2024-07-09 15:58:42][DEBUG] motif GCA,1 has 75 positions in tid 94, took 0.0000s (inf kb/msec)
[src/motif_bed.rs::601][2024-07-09 15:58:42][DEBUG] motif GCA,1 has 1419 positions in tid 190, took 0.0010s (40.191 kb/msec)
[src/motif_bed.rs::601][2024-07-09 15:58:42][DEBUG] motif GCA,1 has 60 positions in tid 43, took 0.0000s (inf kb/msec)
[src/motif_bed.rs::601][2024-07-09 15:58:42][DEBUG] motif GCC,1 has 46 positions in tid 54, took 0.0000s (inf kb/msec)
[src/motif_bed.rs::601][2024-07-09 15:58:42][DEBUG] motif GCA,1 has 60 positions in tid 125, took 0.0000s (inf kb/msec)
[src/motif_bed.rs::601][2024-07-09 15:58:42][DEBUG] motif GCC,1 has 10 positions in tid 77, took 0.0000s (inf kb/msec)
[src/motif_bed.rs::601][2024-07-09 15:58:42][DEBUG] motif GCC,1 has 24 positions in tid 75, took 0.0000s (inf kb/msec)
[src/motif_bed.rs::601][2024-07-09 15:58:42][DEBUG] motif GCA,1 has 37 positions in tid 57, took 0.0000s (inf kb/msec)
[src/motif_bed.rs::601][2024-07-09 15:58:42][DEBUG] motif GCC,1 has 54 positions in tid 51, took 0.0000s (inf kb/msec)
[src/motif_bed.rs::601][2024-07-09 15:58:42][DEBUG] motif GCT,1 has 1001 positions in tid 168, took 0.0000s (inf kb/msec)
[src/motif_bed.rs::601][2024-07-09 15:58:42][DEBUG] motif GCT,1 has 4758 positions in tid 180, took 0.0040s (42.118 kb/msec)
[src/motif_bed.rs::601][2024-07-09 15:58:42][DEBUG] motif GCA,1 has 3004 positions in tid 30, took 0.0020s (46.3445 kb/msec)
[src/motif_bed.rs::601][2024-07-09 15:58:42][DEBUG] motif GCC,1 has 12 positions in tid 124, took 0.0000s (inf kb/msec)
[src/motif_bed.rs::601][2024-07-09 15:58:42][DEBUG] motif GCA,1 has 1019 positions in tid 154, took 0.0040s (9.5135 kb/msec)
[src/motif_bed.rs::601][2024-07-09 15:58:42][DEBUG] motif GCC,1 has 12 positions in tid 45, took 0.0000s (inf kb/msec)
[src/motif_bed.rs::601][2024-07-09 15:58:42][DEBUG] motif GCC,1 has 8 positions in tid 128, took 0.0000s (inf kb/msec)
[src/motif_bed.rs::601][2024-07-09 15:58:42][DEBUG] motif GCC,1 has 3 positions in tid 81, took 0.0000s (inf kb/msec)
[src/motif_bed.rs::601][2024-07-09 15:58:42][DEBUG] motif GCA,1 has 60 positions in tid 67, took 0.0000s (inf kb/msec)
[src/motif_bed.rs::601][2024-07-09 15:58:42][DEBUG] motif GCC,1 has 1 positions in tid 107, took 0.0000s (inf kb/msec)
[src/motif_bed.rs::601][2024-07-09 15:58:42][DEBUG] motif GCC,1 has 7 positions in tid 82, took 0.0000s (inf kb/msec)
[src/motif_bed.rs::601][2024-07-09 15:58:42][DEBUG] motif GCC,1 has 129 positions in tid 133, took 0.0000s (inf kb/msec)
[src/motif_bed.rs::601][2024-07-09 15:58:42][DEBUG] motif GCC,1 has 13 positions in tid 117, took 0.0000s (inf kb/msec)
[src/motif_bed.rs::601][2024-07-09 15:58:42][DEBUG] motif GCA,1 has 4563 positions in tid 161, took 0.0030s (57.60333333333333 kb/msec)
[src/motif_bed.rs::601][2024-07-09 15:58:42][DEBUG] motif GCA,1 has 11 positions in tid 127, took 0.0000s (inf kb/msec)
[src/motif_bed.rs::601][2024-07-09 15:58:42][DEBUG] motif GCC,1 has 691 positions in tid 143, took 0.0020s (16.016 kb/msec)
[src/motif_bed.rs::601][2024-07-09 15:58:42][DEBUG] motif GCA,1 has 34 positions in tid 91, took 0.0000s (inf kb/msec)
[src/motif_bed.rs::601][2024-07-09 15:58:42][DEBUG] motif GCA,1 has 58 positions in tid 61, took 0.0000s (inf kb/msec)
[src/motif_bed.rs::601][2024-07-09 15:58:42][DEBUG] motif GCC,1 has 6 positions in tid 72, took 0.0000s (inf kb/msec)
[src/motif_bed.rs::601][2024-07-09 15:58:42][DEBUG] motif GCA,1 has 33 positions in tid 49, took 0.0000s (inf kb/msec)
[src/motif_bed.rs::601][2024-07-09 15:58:42][DEBUG] motif GCA,1 has 86 positions in tid 109, took 0.0000s (inf kb/msec)
[src/motif_bed.rs::601][2024-07-09 15:58:42][DEBUG] motif GCC,1 has 25 positions in tid 119, took 0.0000s (inf kb/msec)
[src/motif_bed.rs::601][2024-07-09 15:58:42][DEBUG] motif GCA,1 has 48 positions in tid 97, took 0.0000s (inf kb/msec)
[src/motif_bed.rs::601][2024-07-09 15:58:42][DEBUG] motif GCA,1 has 1290 positions in tid 159, took 0.0010s (38.115 kb/msec)
[src/motif_bed.rs::601][2024-07-09 15:58:42][DEBUG] motif GCA,1 has 115 positions in tid 75, took 0.0000s (inf kb/msec)
[src/motif_bed.rs::601][2024-07-09 15:58:42][DEBUG] motif GCT,1 has 42 positions in tid 94, took 0.0000s (inf kb/msec)
[src/motif_bed.rs::601][2024-07-09 15:58:42][DEBUG] motif GCA,1 has 38 positions in tid 68, took 0.0000s (inf kb/msec)
[src/motif_bed.rs::601][2024-07-09 15:58:42][DEBUG] motif GCA,1 has 1325 positions in tid 149, took 0.0000s (inf kb/msec)
[src/motif_bed.rs::601][2024-07-09 15:58:42][DEBUG] motif GCC,1 has 60 positions in tid 135, took 0.0000s (inf kb/msec)
[src/motif_bed.rs::601][2024-07-09 15:58:42][DEBUG] motif GCC,1 has 708 positions in tid 191, took 0.0000s (inf kb/msec)
[src/motif_bed.rs::601][2024-07-09 15:58:42][DEBUG] motif GCC,1 has 26 positions in tid 131, took 0.0000s (inf kb/msec)
[src/motif_bed.rs::601][2024-07-09 15:58:42][DEBUG] motif GCC,1 has 17 positions in tid 53, took 0.0000s (inf kb/msec)
[src/motif_bed.rs::601][2024-07-09 15:58:42][DEBUG] motif GCC,1 has 8 positions in tid 129, took 0.0000s (inf kb/msec)
[src/motif_bed.rs::601][2024-07-09 15:58:42][DEBUG] motif GCC,1 has 25 positions in tid 70, took 0.0000s (inf kb/msec)
[src/motif_bed.rs::601][2024-07-09 15:58:42][DEBUG] motif GCA,1 has 4872 positions in tid 178, took 0.0040s (46.68475 kb/msec)
[src/motif_bed.rs::601][2024-07-09 15:58:42][DEBUG] motif GCC,1 has 12 positions in tid 74, took 0.0000s (inf kb/msec)
[src/motif_bed.rs::601][2024-07-09 15:58:42][DEBUG] motif GCT,1 has 59 positions in tid 50, took 0.0000s (inf kb/msec)
[src/motif_bed.rs::601][2024-07-09 15:58:42][DEBUG] motif GCA,1 has 1544 positions in tid 150, took 0.0010s (41.717 kb/msec)
[src/motif_bed.rs::601][2024-07-09 15:58:42][DEBUG] motif GCA,1 has 3720 positions in tid 172, took 0.0030s (60.64 kb/msec)
[src/motif_bed.rs::601][2024-07-09 15:58:42][DEBUG] motif GCT,1 has 72 positions in tid 62, took 0.0000s (inf kb/msec)
[src/motif_bed.rs::601][2024-07-09 15:58:42][DEBUG] motif GCA,1 has 51 positions in tid 63, took 0.0000s (inf kb/msec)
[src/motif_bed.rs::601][2024-07-09 15:58:42][DEBUG] motif GCC,1 has 5 positions in tid 85, took 0.0000s (inf kb/msec)
[src/motif_bed.rs::601][2024-07-09 15:58:42][DEBUG] motif GCT,1 has 14 positions in tid 47, took 0.0000s (inf kb/msec)
[src/motif_bed.rs::601][2024-07-09 15:58:42][DEBUG] motif GCA,1 has 20 positions in tid 47, took 0.0000s (inf kb/msec)
[src/motif_bed.rs::601][2024-07-09 15:58:42][DEBUG] motif GCA,1 has 27 positions in tid 45, took 0.0000s (inf kb/msec)
[src/motif_bed.rs::601][2024-07-09 15:58:42][DEBUG] motif GCA,1 has 63 positions in tid 83, took 0.0000s (inf kb/msec)
[src/motif_bed.rs::601][2024-07-09 15:58:42][DEBUG] motif GCA,1 has 34 positions in tid 128, took 0.0000s (inf kb/msec)
[src/motif_bed.rs::601][2024-07-09 15:58:42][DEBUG] motif GCT,1 has 548 positions in tid 138, took 0.0000s (inf kb/msec)
[src/motif_bed.rs::601][2024-07-09 15:58:42][DEBUG] motif GCA,1 has 35 positions in tid 81, took 0.0000s (inf kb/msec)
[src/motif_bed.rs::601][2024-07-09 15:58:42][DEBUG] motif GCA,1 has 88 positions in tid 113, took 0.0000s (inf kb/msec)
[src/motif_bed.rs::601][2024-07-09 15:58:42][DEBUG] motif GCA,1 has 10 positions in tid 107, took 0.0000s (inf kb/msec)
[src/motif_bed.rs::601][2024-07-09 15:58:42][DEBUG] motif GCC,1 has 19 positions in tid 42, took 0.0000s (inf kb/msec)
[src/motif_bed.rs::601][2024-07-09 15:58:42][DEBUG] motif GCC,1 has 12 positions in tid 76, took 0.0000s (inf kb/msec)
[src/motif_bed.rs::601][2024-07-09 15:58:42][DEBUG] motif GCC,1 has 26 positions in tid 112, took 0.0000s (inf kb/msec)
[src/motif_bed.rs::601][2024-07-09 15:58:42][DEBUG] motif GCA,1 has 73 positions in tid 92, took 0.0000s (inf kb/msec)
[src/motif_bed.rs::601][2024-07-09 15:58:42][DEBUG] motif GCC,1 has 7 positions in tid 106, took 0.0000s (inf kb/msec)
[src/motif_bed.rs::601][2024-07-09 15:58:42][DEBUG] motif GCA,1 has 135 positions in tid 51, took 0.0000s (inf kb/msec)
[src/motif_bed.rs::601][2024-07-09 15:58:42][DEBUG] motif GCT,1 has 38 positions in tid 43, took 0.0000s (inf kb/msec)
[src/motif_bed.rs::601][2024-07-09 15:58:42][DEBUG] motif GCC,1 has 119 positions in tid 127, took 0.0000s (inf kb/msec)
[src/motif_bed.rs::601][2024-07-09 15:58:42][DEBUG] motif GCC,1 has 30 positions in tid 66, took 0.0000s (inf kb/msec)
[src/motif_bed.rs::601][2024-07-09 15:58:42][DEBUG] motif GCT,1 has 35 positions in tid 125, took 0.0000s (inf kb/msec)
[src/motif_bed.rs::601][2024-07-09 15:58:42][DEBUG] motif GCT,1 has 1640 positions in tid 150, took 0.0010s (41.717 kb/msec)
[src/motif_bed.rs::601][2024-07-09 15:58:42][DEBUG] motif GCC,1 has 25 positions in tid 64, took 0.0000s (inf kb/msec)
[src/motif_bed.rs::601][2024-07-09 15:58:42][DEBUG] motif GCT,1 has 36 positions in tid 119, took 0.0000s (inf kb/msec)
[src/motif_bed.rs::601][2024-07-09 15:58:42][DEBUG] motif GCT,1 has 4637 positions in tid 178, took 0.0050s (37.3478 kb/msec)
[src/motif_bed.rs::601][2024-07-09 15:58:42][DEBUG] motif GCC,1 has 39 positions in tid 136, took 0.0000s (inf kb/msec)
[src/motif_bed.rs::601][2024-07-09 15:58:42][DEBUG] motif GCC,1 has 5 positions in tid 86, took 0.0000s (inf kb/msec)
[src/motif_bed.rs::601][2024-07-09 15:58:42][DEBUG] motif GCT,1 has 26 positions in tid 108, took 0.0000s (inf kb/msec)
[src/motif_bed.rs::601][2024-07-09 15:58:42][DEBUG] motif GCC,1 has 16 positions in tid 101, took 0.0000s (inf kb/msec)
[src/motif_bed.rs::601][2024-07-09 15:58:42][DEBUG] motif GCA,1 has 2828 positions in tid 102, took 0.0020s (46.4915 kb/msec)
[src/motif_bed.rs::601][2024-07-09 15:58:42][DEBUG] motif GCT,1 has 1017 positions in tid 154, took 0.0000s (inf kb/msec)
[src/motif_bed.rs::601][2024-07-09 15:58:42][DEBUG] motif GCT,1 has 79 positions in tid 109, took 0.0000s (inf kb/msec)
[src/motif_bed.rs::601][2024-07-09 15:58:42][DEBUG] motif GCT,1 has 4014 positions in tid 161, took 0.0030s (57.60333333333333 kb/msec)
[src/motif_bed.rs::601][2024-07-09 15:58:42][DEBUG] motif GCT,1 has 100 positions in tid 75, took 0.0000s (inf kb/msec)
[src/motif_bed.rs::601][2024-07-09 15:58:42][DEBUG] motif GCT,1 has 31 positions in tid 97, took 0.0000s (inf kb/msec)
[src/motif_bed.rs::601][2024-07-09 15:58:42][DEBUG] motif GCC,1 has 25 positions in tid 41, took 0.0000s (inf kb/msec)
[src/motif_bed.rs::601][2024-07-09 15:58:42][DEBUG] motif GCT,1 has 1234 positions in tid 159, took 0.0000s (inf kb/msec)
[src/motif_bed.rs::601][2024-07-09 15:58:42][DEBUG] motif GCC,1 has 60 positions in tid 140, took 0.0000s (inf kb/msec)
[src/motif_bed.rs::601][2024-07-09 15:58:42][DEBUG] motif GCA,1 has 201 positions in tid 133, took 0.0000s (inf kb/msec)
[src/motif_bed.rs::601][2024-07-09 15:58:42][DEBUG] motif GCC,1 has 26 positions in tid 48, took 0.0000s (inf kb/msec)
[src/motif_bed.rs::601][2024-07-09 15:58:42][DEBUG] motif GCC,1 has 34 positions in tid 122, took 0.0000s (inf kb/msec)
[src/motif_bed.rs::601][2024-07-09 15:58:42][DEBUG] motif GCA,1 has 210 positions in tid 132, took 0.0000s (inf kb/msec)
[src/motif_bed.rs::601][2024-07-09 15:58:42][DEBUG] motif GCA,1 has 34 positions in tid 82, took 0.0000s (inf kb/msec)
[src/motif_bed.rs::601][2024-07-09 15:58:42][DEBUG] motif GCC,1 has 12 positions in tid 79, took 0.0000s (inf kb/msec)
[src/motif_bed.rs::601][2024-07-09 15:58:42][DEBUG] motif GCA,1 has 2088 positions in tid 175, took 0.0010s (73.985 kb/msec)
[src/motif_bed.rs::601][2024-07-09 15:58:42][DEBUG] motif GCA,1 has 66 positions in tid 90, took 0.0000s (inf kb/msec)
[src/motif_bed.rs::601][2024-07-09 15:58:42][DEBUG] motif GCA,1 has 46 positions in tid 44, took 0.0000s (inf kb/msec)
[src/motif_bed.rs::601][2024-07-09 15:58:42][DEBUG] motif GCC,1 has 10 positions in tid 47, took 0.0000s (inf kb/msec)
[src/motif_bed.rs::601][2024-07-09 15:58:42][DEBUG] motif GCA,1 has 92 positions in tid 69, took 0.0000s (inf kb/msec)
[src/motif_bed.rs::601][2024-07-09 15:58:42][DEBUG] motif GCA,1 has 49 positions in tid 54, took 0.0000s (inf kb/msec)
[src/motif_bed.rs::601][2024-07-09 15:58:42][DEBUG] motif GCA,1 has 5503 positions in tid 148, took 0.0050s (35.2086 kb/msec)
[src/motif_bed.rs::601][2024-07-09 15:58:42][DEBUG] motif GCC,1 has 338 positions in tid 176, took 0.0000s (inf kb/msec)
[src/motif_bed.rs::601][2024-07-09 15:58:42][DEBUG] motif GCT,1 has 938 positions in tid 156, took 0.0000s (inf kb/msec)
[src/motif_bed.rs::601][2024-07-09 15:58:42][DEBUG] motif GCC,1 has 2 positions in tid 123, took 0.0000s (inf kb/msec)
[src/motif_bed.rs::601][2024-07-09 15:58:42][DEBUG] motif GCT,1 has 57 positions in tid 41, took 0.0000s (inf kb/msec)
[src/motif_bed.rs::601][2024-07-09 15:58:42][DEBUG] motif GCC,1 has 153 positions in tid 132, took 0.0000s (inf kb/msec)
[src/motif_bed.rs::601][2024-07-09 15:58:42][DEBUG] motif GCT,1 has 4 positions in tid 59, took 0.0000s (inf kb/msec)
[src/motif_bed.rs::601][2024-07-09 15:58:42][DEBUG] motif GCT,1 has 35 positions in tid 48, took 0.0000s (inf kb/msec)
[src/motif_bed.rs::601][2024-07-09 15:58:42][DEBUG] motif GCA,1 has 46 positions in tid 89, took 0.0000s (inf kb/msec)
[src/motif_bed.rs::601][2024-07-09 15:58:42][DEBUG] motif GCT,1 has 18 positions in tid 71, took 0.0000s (inf kb/msec)
[src/motif_bed.rs::601][2024-07-09 15:58:42][DEBUG] motif GCT,1 has 36 positions in tid 112, took 0.0000s (inf kb/msec)
[src/motif_bed.rs::601][2024-07-09 15:58:42][DEBUG] motif GCT,1 has 42 positions in tid 68, took 0.0000s (inf kb/msec)
[src/motif_bed.rs::601][2024-07-09 15:58:42][DEBUG] motif GCT,1 has 123 positions in tid 51, took 0.0000s (inf kb/msec)
[src/motif_bed.rs::601][2024-07-09 15:58:42][DEBUG] motif GCT,1 has 45 positions in tid 44, took 0.0000s (inf kb/msec)
[src/motif_bed.rs::601][2024-07-09 15:58:42][DEBUG] motif GCC,1 has 7 positions in tid 78, took 0.0000s (inf kb/msec)
[src/motif_bed.rs::601][2024-07-09 15:58:42][DEBUG] motif GCA,1 has 77 positions in tid 119, took 0.0000s (inf kb/msec)
[src/motif_bed.rs::601][2024-07-09 15:58:42][DEBUG] motif GCT,1 has 32 positions in tid 84, took 0.0000s (inf kb/msec)
[src/motif_bed.rs::601][2024-07-09 15:58:42][DEBUG] motif GCT,1 has 87 positions in tid 135, took 0.0000s (inf kb/msec)
[src/motif_bed.rs::601][2024-07-09 15:58:42][DEBUG] motif GCC,1 has 13 positions in tid 96, took 0.0000s (inf kb/msec)
[src/motif_bed.rs::601][2024-07-09 15:58:42][DEBUG] motif GCC,1 has 64 positions in tid 137, took 0.0000s (inf kb/msec)
[src/motif_bed.rs::601][2024-07-09 15:58:42][DEBUG] motif GCA,1 has 45 positions in tid 117, took 0.0000s (inf kb/msec)
[src/motif_bed.rs::601][2024-07-09 15:58:42][DEBUG] motif GCA,1 has 146 positions in tid 135, took 0.0000s (inf kb/msec)
[src/motif_bed.rs::601][2024-07-09 15:58:42][DEBUG] motif GCT,1 has 32 positions in tid 80, took 0.0000s (inf kb/msec)
[src/motif_bed.rs::601][2024-07-09 15:58:42][DEBUG] motif GCT,1 has 99 positions in tid 139, took 0.0000s (inf kb/msec)
[src/motif_bed.rs::601][2024-07-09 15:58:42][DEBUG] motif GCT,1 has 186 positions in tid 133, took 0.0000s (inf kb/msec)
[src/motif_bed.rs::601][2024-07-09 15:58:42][DEBUG] motif GCT,1 has 37 positions in tid 131, took 0.0000s (inf kb/msec)
[src/motif_bed.rs::601][2024-07-09 15:58:42][DEBUG] motif GCA,1 has 22 positions in tid 55, took 0.0000s (inf kb/msec)
[src/motif_bed.rs::601][2024-07-09 15:58:42][DEBUG] motif GCA,1 has 36 positions in tid 77, took 0.0000s (inf kb/msec)
[src/motif_bed.rs::601][2024-07-09 15:58:42][DEBUG] motif GCA,1 has 171 positions in tid 139, took 0.0000s (inf kb/msec)
[src/motif_bed.rs::601][2024-07-09 15:58:42][DEBUG] motif GCT,1 has 54 positions in tid 83, took 0.0000s (inf kb/msec)
[src/motif_bed.rs::601][2024-07-09 15:58:42][DEBUG] motif GCA,1 has 47 positions in tid 76, took 0.0000s (inf kb/msec)
[src/motif_bed.rs::601][2024-07-09 15:58:42][DEBUG] motif GCT,1 has 0 positions in tid 58, took 0.0000s (inf kb/msec)
[src/motif_bed.rs::601][2024-07-09 15:58:42][DEBUG] motif GCT,1 has 2004 positions in tid 30, took 0.0010s (92.689 kb/msec)
[src/motif_bed.rs::601][2024-07-09 15:58:42][DEBUG] motif GCC,1 has 111 positions in tid 121, took 0.0000s (inf kb/msec)
[src/motif_bed.rs::601][2024-07-09 15:58:42][DEBUG] motif GCA,1 has 72 positions in tid 46, took 0.0000s (inf kb/msec)
[src/motif_bed.rs::601][2024-07-09 15:58:42][DEBUG] motif GCA,1 has 57 positions in tid 100, took 0.0000s (inf kb/msec)
[src/motif_bed.rs::601][2024-07-09 15:58:42][DEBUG] motif GCT,1 has 29 positions in tid 88, took 0.0000s (inf kb/msec)
[src/motif_bed.rs::601][2024-07-09 15:58:42][DEBUG] motif GCT,1 has 47 positions in tid 96, took 0.0000s (inf kb/msec)
[src/motif_bed.rs::601][2024-07-09 15:58:42][DEBUG] motif GCA,1 has 5408 positions in tid 28, took 0.0040s (45.724 kb/msec)
[src/motif_bed.rs::601][2024-07-09 15:58:42][DEBUG] motif GCA,1 has 5585 positions in tid 27, took 0.0040s (47.86725 kb/msec)
[src/motif_bed.rs::601][2024-07-09 15:58:42][DEBUG] motif GCC,1 has 67 positions in tid 116, took 0.0000s (inf kb/msec)
[src/motif_bed.rs::601][2024-07-09 15:58:42][DEBUG] motif GCA,1 has 217 positions in tid 121, took 0.0000s (inf kb/msec)
[src/motif_bed.rs::601][2024-07-09 15:58:42][DEBUG] motif GCC,1 has 32 positions in tid 141, took 0.0000s (inf kb/msec)
[src/motif_bed.rs::601][2024-07-09 15:58:42][DEBUG] motif GCA,1 has 1289 positions in tid 181, took 0.0010s (41.891 kb/msec)
[src/motif_bed.rs::601][2024-07-09 15:58:42][DEBUG] motif GCA,1 has 73 positions in tid 41, took 0.0000s (inf kb/msec)
[src/motif_bed.rs::601][2024-07-09 15:58:42][DEBUG] motif GCA,1 has 38 positions in tid 86, took 0.0000s (inf kb/msec)
[src/motif_bed.rs::601][2024-07-09 15:58:42][DEBUG] motif GCA,1 has 45 positions in tid 106, took 0.0000s (inf kb/msec)
[src/motif_bed.rs::601][2024-07-09 15:58:42][DEBUG] motif GCA,1 has 54 positions in tid 48, took 0.0000s (inf kb/msec)
[src/motif_bed.rs::601][2024-07-09 15:58:42][DEBUG] motif GCA,1 has 39 positions in tid 84, took 0.0000s (inf kb/msec)
[src/motif_bed.rs::601][2024-07-09 15:58:42][DEBUG] motif GCA,1 has 115 positions in tid 66, took 0.0000s (inf kb/msec)
[src/motif_bed.rs::601][2024-07-09 15:58:42][DEBUG] motif GCC,1 has 43 positions in tid 50, took 0.0000s (inf kb/msec)
[src/motif_bed.rs::601][2024-07-09 15:58:42][DEBUG] motif GCC,1 has 9 positions in tid 98, took 0.0000s (inf kb/msec)
[src/motif_bed.rs::601][2024-07-09 15:58:42][DEBUG] motif GCT,1 has 97 positions in tid 110, took 0.0000s (inf kb/msec)
[src/motif_bed.rs::601][2024-07-09 15:58:42][DEBUG] motif GCT,1 has 55 positions in tid 129, took 0.0000s (inf kb/msec)
[src/motif_bed.rs::601][2024-07-09 15:58:42][DEBUG] motif GCT,1 has 212 positions in tid 132, took 0.0000s (inf kb/msec)
[src/motif_bed.rs::601][2024-07-09 15:58:42][DEBUG] motif GCT,1 has 42 positions in tid 113, took 0.0000s (inf kb/msec)
[src/motif_bed.rs::601][2024-07-09 15:58:42][DEBUG] motif GCT,1 has 34 positions in tid 67, took 0.0000s (inf kb/msec)
[src/motif_bed.rs::601][2024-07-09 15:58:42][DEBUG] motif GCT,1 has 18 positions in tid 95, took 0.0000s (inf kb/msec)
[src/motif_bed.rs::601][2024-07-09 15:58:42][DEBUG] motif GCA,1 has 165 positions in tid 110, took 0.0000s (inf kb/msec)
[src/motif_bed.rs::601][2024-07-09 15:58:42][DEBUG] motif GCA,1 has 36 positions in tid 124, took 0.0000s (inf kb/msec)
[src/motif_bed.rs::601][2024-07-09 15:58:42][DEBUG] motif GCC,1 has 82 positions in tid 105, took 0.0000s (inf kb/msec)
[src/motif_bed.rs::601][2024-07-09 15:58:42][DEBUG] motif GCA,1 has 54 positions in tid 74, took 0.0000s (inf kb/msec)
[src/motif_bed.rs::601][2024-07-09 15:58:42][DEBUG] motif GCA,1 has 2805 positions in tid 184, took 0.0020s (46.6605 kb/msec)
[src/motif_bed.rs::601][2024-07-09 15:58:42][DEBUG] motif GCA,1 has 53 positions in tid 42, took 0.0000s (inf kb/msec)
[src/motif_bed.rs::601][2024-07-09 15:58:42][DEBUG] motif GCA,1 has 133 positions in tid 122, took 0.0000s (inf kb/msec)
[src/motif_bed.rs::601][2024-07-09 15:58:42][DEBUG] motif GCT,1 has 26 positions in tid 73, took 0.0000s (inf kb/msec)
[src/motif_bed.rs::601][2024-07-09 15:58:42][DEBUG] motif GCC,1 has 23 positions in tid 118, took 0.0000s (inf kb/msec)
[src/motif_bed.rs::601][2024-07-09 15:58:42][DEBUG] motif GCT,1 has 1818 positions in tid 102, took 0.0010s (92.983 kb/msec)
[src/motif_bed.rs::601][2024-07-09 15:58:42][DEBUG] motif GCT,1 has 44 positions in tid 70, took 0.0000s (inf kb/msec)
[src/motif_bed.rs::601][2024-07-09 15:58:42][DEBUG] motif GCA,1 has 224 positions in tid 105, took 0.0000s (inf kb/msec)
[src/motif_bed.rs::601][2024-07-09 15:58:42][DEBUG] motif GCA,1 has 36 positions in tid 101, took 0.0000s (inf kb/msec)
[src/motif_bed.rs::601][2024-07-09 15:58:42][DEBUG] motif GCA,1 has 49 positions in tid 79, took 0.0000s (inf kb/msec)
[src/motif_bed.rs::601][2024-07-09 15:58:42][DEBUG] motif GCT,1 has 1475 positions in tid 181, took 0.0010s (41.891 kb/msec)
[src/motif_bed.rs::601][2024-07-09 15:58:42][DEBUG] motif GCA,1 has 39 positions in tid 80, took 0.0000s (inf kb/msec)
[src/motif_bed.rs::601][2024-07-09 15:58:42][DEBUG] motif GCA,1 has 46459 positions in tid 164, took 0.0210s (89.179 kb/msec)
[src/motif_bed.rs::601][2024-07-09 15:58:42][DEBUG] motif GCA,1 has 284 positions in tid 114, took 0.0000s (inf kb/msec)
[src/motif_bed.rs::601][2024-07-09 15:58:42][DEBUG] motif GCT,1 has 42 positions in tid 92, took 0.0000s (inf kb/msec)
[src/motif_bed.rs::601][2024-07-09 15:58:42][DEBUG] motif GCT,1 has 875 positions in tid 171, took 0.0000s (inf kb/msec)
[src/motif_bed.rs::601][2024-07-09 15:58:42][DEBUG] motif GCT,1 has 132 positions in tid 122, took 0.0000s (inf kb/msec)
[src/motif_bed.rs::601][2024-07-09 15:58:42][DEBUG] motif GCT,1 has 190 positions in tid 121, took 0.0000s (inf kb/msec)
[src/motif_bed.rs::601][2024-07-09 15:58:42][DEBUG] motif GCT,1 has 46 positions in tid 90, took 0.0000s (inf kb/msec)
[src/motif_bed.rs::601][2024-07-09 15:58:42][DEBUG] motif GCT,1 has 18 positions in tid 53, took 0.0000s (inf kb/msec)
[src/motif_bed.rs::601][2024-07-09 15:58:42][DEBUG] motif GCA,1 has 294 positions in tid 65, took 0.0000s (inf kb/msec)
[src/motif_bed.rs::601][2024-07-09 15:58:42][DEBUG] motif GCC,1 has 715 positions in tid 154, took 0.0000s (inf kb/msec)
[src/motif_bed.rs::601][2024-07-09 15:58:42][DEBUG] motif GCT,1 has 1943 positions in tid 189, took 0.0020s (31.472 kb/msec)
[src/motif_bed.rs::601][2024-07-09 15:58:42][DEBUG] motif GCT,1 has 181 positions in tid 105, took 0.0000s (inf kb/msec)
[src/motif_bed.rs::601][2024-07-09 15:58:42][DEBUG] motif GCT,1 has 33 positions in tid 81, took 0.0000s (inf kb/msec)
[src/motif_bed.rs::601][2024-07-09 15:58:42][DEBUG] motif GCT,1 has 6 positions in tid 107, took 0.0000s (inf kb/msec)
[src/motif_bed.rs::601][2024-07-09 15:58:42][DEBUG] motif GCA,1 has 442 positions in tid 40, took 0.0000s (inf kb/msec)
[src/motif_bed.rs::601][2024-07-09 15:58:42][DEBUG] motif GCT,1 has 159 positions in tid 114, took 0.0000s (inf kb/msec)
[src/motif_bed.rs::601][2024-07-09 15:58:42][DEBUG] motif GCT,1 has 1202 positions in tid 162, took 0.0000s (inf kb/msec)
[src/motif_bed.rs::601][2024-07-09 15:58:42][DEBUG] motif GCA,1 has 172 positions in tid 140, took 0.0000s (inf kb/msec)
[src/motif_bed.rs::601][2024-07-09 15:58:42][DEBUG] motif GCA,1 has 69 positions in tid 112, took 0.0000s (inf kb/msec)
[src/motif_bed.rs::601][2024-07-09 15:58:42][DEBUG] motif GCA,1 has 29 positions in tid 131, took 0.0000s (inf kb/msec)
[src/motif_bed.rs::601][2024-07-09 15:58:42][DEBUG] motif GCA,1 has 84 positions in tid 64, took 0.0000s (inf kb/msec)
[src/motif_bed.rs::601][2024-07-09 15:58:42][DEBUG] motif GCT,1 has 1140 positions in tid 147, took 0.0010s (42.21 kb/msec)
[src/motif_bed.rs::601][2024-07-09 15:58:42][DEBUG] motif GCT,1 has 21 positions in tid 91, took 0.0000s (inf kb/msec)
[src/motif_bed.rs::601][2024-07-09 15:58:42][DEBUG] motif GCA,1 has 5349 positions in tid 158, took 0.0010s (194.05 kb/msec)
[src/motif_bed.rs::601][2024-07-09 15:58:42][DEBUG] motif GCA,1 has 44 positions in tid 129, took 0.0000s (inf kb/msec)
[src/motif_bed.rs::601][2024-07-09 15:58:42][DEBUG] motif GCT,1 has 53 positions in tid 69, took 0.0000s (inf kb/msec)
[src/motif_bed.rs::601][2024-07-09 15:58:42][DEBUG] motif GCA,1 has 95 positions in tid 136, took 0.0000s (inf kb/msec)
[src/motif_bed.rs::601][2024-07-09 15:58:42][DEBUG] motif GCC,1 has 80 positions in tid 114, took 0.0000s (inf kb/msec)
[src/motif_bed.rs::601][2024-07-09 15:58:42][DEBUG] motif GCT,1 has 29 positions in tid 57, took 0.0000s (inf kb/msec)
[src/motif_bed.rs::601][2024-07-09 15:58:42][DEBUG] motif GCT,1 has 26 positions in tid 72, took 0.0000s (inf kb/msec)
[src/motif_bed.rs::601][2024-07-09 15:58:42][DEBUG] motif GCT,1 has 4913 positions in tid 142, took 0.0050s (35.011 kb/msec)
[src/motif_bed.rs::601][2024-07-09 15:58:42][DEBUG] motif GCC,1 has 260 positions in tid 192, took 0.0000s (inf kb/msec)
[src/motif_bed.rs::601][2024-07-09 15:58:42][DEBUG] motif GCC,1 has 66 positions in tid 65, took 0.0000s (inf kb/msec)
[src/motif_bed.rs::601][2024-07-09 15:58:42][DEBUG] motif GCC,1 has 1178 positions in tid 159, took 0.0000s (inf kb/msec)
[src/motif_bed.rs::601][2024-07-09 15:58:42][DEBUG] motif GCA,1 has 189 positions in tid 52, took 0.0000s (inf kb/msec)
[src/motif_bed.rs::601][2024-07-09 15:58:42][DEBUG] motif GCA,1 has 74 positions in tid 96, took 0.0000s (inf kb/msec)
[src/motif_bed.rs::601][2024-07-09 15:58:42][DEBUG] motif GCA,1 has 4124 positions in tid 157, took 0.0040s (25.079 kb/msec)
[src/motif_bed.rs::601][2024-07-09 15:58:42][DEBUG] motif GCA,1 has 4427 positions in tid 120, took 0.0030s (46.042 kb/msec)
[src/motif_bed.rs::601][2024-07-09 15:58:42][DEBUG] motif GCA,1 has 85 positions in tid 70, took 0.0000s (inf kb/msec)
[src/motif_bed.rs::601][2024-07-09 15:58:42][DEBUG] motif GCT,1 has 35 positions in tid 54, took 0.0000s (inf kb/msec)
[src/motif_bed.rs::601][2024-07-09 15:58:42][DEBUG] motif GCA,1 has 206 positions in tid 137, took 0.0000s (inf kb/msec)
[src/motif_bed.rs::601][2024-07-09 15:58:42][DEBUG] motif GCT,1 has 3 positions in tid 55, took 0.0000s (inf kb/msec)
[src/motif_bed.rs::601][2024-07-09 15:58:42][DEBUG] motif GCC,1 has 526 positions in tid 126, took 0.0000s (inf kb/msec)
[src/motif_bed.rs::601][2024-07-09 15:58:42][DEBUG] motif GCT,1 has 1303 positions in tid 160, took 0.0000s (inf kb/msec)
[src/motif_bed.rs::601][2024-07-09 15:58:42][DEBUG] motif GCA,1 has 2022 positions in tid 166, took 0.0020s (56.2755 kb/msec)
[src/motif_bed.rs::601][2024-07-09 15:58:42][DEBUG] motif GCA,1 has 214 positions in tid 116, took 0.0000s (inf kb/msec)
[src/motif_bed.rs::601][2024-07-09 15:58:42][DEBUG] motif GCA,1 has 330 positions in tid 24, took 0.0010s (16.569 kb/msec)
[src/motif_bed.rs::601][2024-07-09 15:58:42][DEBUG] motif GCA,1 has 1573 positions in tid 174, took 0.0010s (99.375 kb/msec)
[src/motif_bed.rs::601][2024-07-09 15:58:42][DEBUG] motif GCT,1 has 2676 positions in tid 184, took 0.0020s (46.6605 kb/msec)
[src/motif_bed.rs::601][2024-07-09 15:58:42][DEBUG] motif GCT,1 has 159 positions in tid 65, took 0.0000s (inf kb/msec)
[src/motif_bed.rs::601][2024-07-09 15:58:42][DEBUG] motif GCT,1 has 19 positions in tid 45, took 0.0000s (inf kb/msec)
[src/motif_bed.rs::601][2024-07-09 15:58:42][DEBUG] motif GCT,1 has 5499 positions in tid 25, took 0.0050s (41.9418 kb/msec)
[src/motif_bed.rs::601][2024-07-09 15:58:42][DEBUG] motif GCT,1 has 33 positions in tid 128, took 0.0000s (inf kb/msec)
[src/motif_bed.rs::601][2024-07-09 15:58:42][DEBUG] motif GCT,1 has 61 positions in tid 66, took 0.0000s (inf kb/msec)
[src/motif_bed.rs::601][2024-07-09 15:58:42][DEBUG] motif GCT,1 has 40 positions in tid 77, took 0.0000s (inf kb/msec)
[src/motif_bed.rs::601][2024-07-09 15:58:42][DEBUG] motif GCT,1 has 91 positions in tid 140, took 0.0000s (inf kb/msec)
[src/motif_bed.rs::601][2024-07-09 15:58:42][DEBUG] motif GCC,1 has 675 positions in tid 156, took 0.0000s (inf kb/msec)
[src/motif_bed.rs::601][2024-07-09 15:58:42][DEBUG] motif GCA,1 has 709 positions in tid 115, took 0.0000s (inf kb/msec)
[src/motif_bed.rs::601][2024-07-09 15:58:42][DEBUG] motif GCT,1 has 40 positions in tid 76, took 0.0000s (inf kb/msec)
[src/motif_bed.rs::601][2024-07-09 15:58:42][DEBUG] motif GCT,1 has 33 positions in tid 82, took 0.0000s (inf kb/msec)
[src/motif_bed.rs::601][2024-07-09 15:58:42][DEBUG] motif GCC,1 has 31 positions in tid 46, took 0.0000s (inf kb/msec)
[src/motif_bed.rs::601][2024-07-09 15:58:42][DEBUG] motif GCT,1 has 41 positions in tid 46, took 0.0000s (inf kb/msec)
[src/motif_bed.rs::601][2024-07-09 15:58:42][DEBUG] motif GCC,1 has 768 positions in tid 168, took 0.0000s (inf kb/msec)
[src/motif_bed.rs::601][2024-07-09 15:58:42][DEBUG] motif GCT,1 has 55 positions in tid 64, took 0.0000s (inf kb/msec)
[src/motif_bed.rs::601][2024-07-09 15:58:42][DEBUG] motif GCT,1 has 22 positions in tid 117, took 0.0000s (inf kb/msec)
[src/motif_bed.rs::601][2024-07-09 15:58:42][DEBUG] motif GCC,1 has 946 positions in tid 30, took 0.0000s (inf kb/msec)
[src/motif_bed.rs::601][2024-07-09 15:58:42][DEBUG] motif GCA,1 has 4488 positions in tid 183, took 0.0010s (198.735 kb/msec)
[src/motif_bed.rs::601][2024-07-09 15:58:42][DEBUG] motif GCT,1 has 35 positions in tid 86, took 0.0000s (inf kb/msec)
[src/motif_bed.rs::601][2024-07-09 15:58:42][DEBUG] motif GCT,1 has 1545 positions in tid 182, took 0.0020s (33.243 kb/msec)
[src/motif_bed.rs::601][2024-07-09 15:58:42][DEBUG] motif GCT,1 has 890 positions in tid 146, took 0.0010s (40.176 kb/msec)
[src/motif_bed.rs::601][2024-07-09 15:58:42][DEBUG] motif GCC,1 has 76 positions in tid 40, took 0.0000s (inf kb/msec)
[src/motif_bed.rs::601][2024-07-09 15:58:42][DEBUG] motif GCT,1 has 55 positions in tid 136, took 0.0000s (inf kb/msec)
[src/motif_bed.rs::601][2024-07-09 15:58:42][DEBUG] motif GCT,1 has 113 positions in tid 137, took 0.0000s (inf kb/msec)
[src/motif_bed.rs::601][2024-07-09 15:58:42][DEBUG] motif GCT,1 has 49 positions in tid 106, took 0.0000s (inf kb/msec)
[src/motif_bed.rs::601][2024-07-09 15:58:42][DEBUG] motif GCA,1 has 1299 positions in tid 173, took 0.0010s (103.838 kb/msec)
[src/motif_bed.rs::601][2024-07-09 15:58:42][DEBUG] motif GCT,1 has 15 positions in tid 101, took 0.0000s (inf kb/msec)
[src/motif_bed.rs::601][2024-07-09 15:58:42][DEBUG] motif GCT,1 has 115 positions in tid 116, took 0.0000s (inf kb/msec)
[src/motif_bed.rs::601][2024-07-09 15:58:42][DEBUG] motif GCT,1 has 1041 positions in tid 153, took 0.0010s (40.062 kb/msec)
[src/motif_bed.rs::601][2024-07-09 15:58:42][DEBUG] motif GCT,1 has 399 positions in tid 40, took 0.0000s (inf kb/msec)
[src/motif_bed.rs::601][2024-07-09 15:58:42][DEBUG] motif GCC,1 has 77 positions in tid 52, took 0.0000s (inf kb/msec)
[src/motif_bed.rs::601][2024-07-09 15:58:42][DEBUG] motif GCC,1 has 422 positions in tid 24, took 0.0000s (inf kb/msec)
[src/motif_bed.rs::601][2024-07-09 15:58:42][DEBUG] motif GCT,1 has 45 positions in tid 79, took 0.0000s (inf kb/msec)
[src/motif_bed.rs::601][2024-07-09 15:58:42][DEBUG] motif GCA,1 has 692 positions in tid 188, took 0.0000s (inf kb/msec)
[src/motif_bed.rs::601][2024-07-09 15:58:42][DEBUG] motif GCT,1 has 7 positions in tid 123, took 0.0000s (inf kb/msec)
[src/motif_bed.rs::601][2024-07-09 15:58:42][DEBUG] motif GCT,1 has 5360 positions in tid 27, took 0.0070s (27.352714285714285 kb/msec)
[src/motif_bed.rs::601][2024-07-09 15:58:42][DEBUG] motif GCC,1 has 1211 positions in tid 160, took 0.0010s (39.555 kb/msec)
[src/motif_bed.rs::601][2024-07-09 15:58:42][DEBUG] motif GCC,1 has 380 positions in tid 138, took 0.0000s (inf kb/msec)
[src/motif_bed.rs::601][2024-07-09 15:58:42][DEBUG] motif GCT,1 has 53 positions in tid 141, took 0.0000s (inf kb/msec)
[src/motif_bed.rs::601][2024-07-09 15:58:42][DEBUG] motif GCC,1 has 263 positions in tid 115, took 0.0000s (inf kb/msec)
[src/motif_bed.rs::601][2024-07-09 15:58:42][DEBUG] motif GCA,1 has 97 positions in tid 141, took 0.0000s (inf kb/msec)
[src/motif_bed.rs::601][2024-07-09 15:58:42][DEBUG] motif GCT,1 has 47 positions in tid 63, took 0.0000s (inf kb/msec)
[src/motif_bed.rs::601][2024-07-09 15:58:42][DEBUG] motif GCC,1 has 1081 positions in tid 102, took 0.0000s (inf kb/msec)
[src/motif_bed.rs::601][2024-07-09 15:58:42][DEBUG] motif GCT,1 has 72 positions in tid 118, took 0.0000s (inf kb/msec)
[src/motif_bed.rs::601][2024-07-09 15:58:42][DEBUG] motif GCT,1 has 992 positions in tid 174, took 0.0010s (99.375 kb/msec)
[src/motif_bed.rs::601][2024-07-09 15:58:42][DEBUG] motif GCC,1 has 6444 positions in tid 170, took 0.0050s (33.01 kb/msec)
[src/motif_bed.rs::601][2024-07-09 15:58:42][DEBUG] motif GCA,1 has 116 positions in tid 118, took 0.0000s (inf kb/msec)
[src/motif_bed.rs::601][2024-07-09 15:58:42][DEBUG] motif GCT,1 has 45 positions in tid 89, took 0.0000s (inf kb/msec)
[src/motif_bed.rs::601][2024-07-09 15:58:42][DEBUG] motif GCT,1 has 461 positions in tid 24, took 0.0000s (inf kb/msec)
[src/motif_bed.rs::601][2024-07-09 15:58:42][DEBUG] motif GCT,1 has 29 positions in tid 100, took 0.0000s (inf kb/msec)
[src/motif_bed.rs::601][2024-07-09 15:58:42][DEBUG] motif GCC,1 has 2193 positions in tid 150, took 0.0010s (41.717 kb/msec)
[src/motif_bed.rs::601][2024-07-09 15:58:42][DEBUG] motif GCC,1 has 612 positions in tid 188, took 0.0000s (inf kb/msec)
[src/motif_bed.rs::601][2024-07-09 15:58:42][DEBUG] motif GCA,1 has 4358 positions in tid 165, took 0.0040s (70.20975 kb/msec)
[src/motif_bed.rs::601][2024-07-09 15:58:42][DEBUG] motif GCC,1 has 926 positions in tid 153, took 0.0000s (inf kb/msec)
[src/motif_bed.rs::601][2024-07-09 15:58:42][DEBUG] motif GCT,1 has 46 positions in tid 124, took 0.0000s (inf kb/msec)
[src/motif_bed.rs::601][2024-07-09 15:58:42][DEBUG] motif GCT,1 has 168 positions in tid 52, took 0.0000s (inf kb/msec)
[src/motif_bed.rs::601][2024-07-09 15:58:42][DEBUG] motif GCT,1 has 47 positions in tid 74, took 0.0000s (inf kb/msec)
[src/motif_bed.rs::601][2024-07-09 15:58:42][DEBUG] motif GCA,1 has 1033 positions in tid 130, took 0.0000s (inf kb/msec)
[src/motif_bed.rs::601][2024-07-09 15:58:42][DEBUG] motif GCC,1 has 329 positions in tid 130, took 0.0000s (inf kb/msec)
[src/motif_bed.rs::601][2024-07-09 15:58:42][DEBUG] motif GCT,1 has 4996 positions in tid 158, took 0.0040s (48.5125 kb/msec)
[src/motif_bed.rs::601][2024-07-09 15:58:42][DEBUG] motif GCT,1 has 31 positions in tid 42, took 0.0000s (inf kb/msec)
[src/motif_bed.rs::601][2024-07-09 15:58:42][DEBUG] motif GCT,1 has 1289 positions in tid 190, took 0.0010s (40.191 kb/msec)
[src/motif_bed.rs::601][2024-07-09 15:58:42][DEBUG] motif GCC,1 has 571 positions in tid 146, took 0.0000s (inf kb/msec)
[src/motif_bed.rs::601][2024-07-09 15:58:42][DEBUG] motif GCA,1 has 3540 positions in tid 144, took 0.0020s (63.841 kb/msec)
[src/motif_bed.rs::601][2024-07-09 15:58:42][DEBUG] motif GCA,1 has 5836 positions in tid 25, took 0.0050s (41.9418 kb/msec)
[src/motif_bed.rs::601][2024-07-09 15:58:42][DEBUG] motif GCC,1 has 1494 positions in tid 189, took 0.0010s (62.944 kb/msec)
[src/motif_bed.rs::601][2024-07-09 15:58:42][DEBUG] motif GCT,1 has 1131 positions in tid 145, took 0.0020s (33.43 kb/msec)
[src/motif_bed.rs::601][2024-07-09 15:58:42][DEBUG] motif GCA,1 has 5665 positions in tid 26, took 0.0020s (100.8545 kb/msec)
[src/motif_bed.rs::601][2024-07-09 15:58:42][DEBUG] motif GCA,1 has 1913 positions in tid 103, took 0.0010s (112.505 kb/msec)
[src/motif_bed.rs::601][2024-07-09 15:58:42][DEBUG] motif GCC,1 has 1648 positions in tid 181, took 0.0010s (41.891 kb/msec)
[src/motif_bed.rs::601][2024-07-09 15:58:42][DEBUG] motif GCT,1 has 1342 positions in tid 149, took 0.0010s (40.745 kb/msec)
[src/motif_bed.rs::601][2024-07-09 15:58:42][DEBUG] motif GCA,1 has 4319 positions in tid 186, took 0.0030s (49.61666666666667 kb/msec)
[src/motif_bed.rs::601][2024-07-09 15:58:42][DEBUG] motif GCC,1 has 1534 positions in tid 120, took 0.0010s (138.126 kb/msec)
[src/motif_bed.rs::601][2024-07-09 15:58:42][DEBUG] motif GCT,1 has 482 positions in tid 115, took 0.0010s (22.689 kb/msec)
[src/motif_bed.rs::601][2024-07-09 15:58:42][DEBUG] motif GCT,1 has 1043 positions in tid 193, took 0.0010s (71.251 kb/msec)
[src/motif_bed.rs::601][2024-07-09 15:58:42][DEBUG] motif GCC,1 has 2332 positions in tid 184, took 0.0010s (93.321 kb/msec)
[src/motif_bed.rs::601][2024-07-09 15:58:42][DEBUG] motif GCC,1 has 911 positions in tid 182, took 0.0000s (inf kb/msec)
[src/motif_bed.rs::601][2024-07-09 15:58:42][DEBUG] motif GCC,1 has 991 positions in tid 147, took 0.0000s (inf kb/msec)
[src/motif_bed.rs::601][2024-07-09 15:58:42][DEBUG] motif GCT,1 has 3931 positions in tid 183, took 0.0050s (39.747 kb/msec)
[src/motif_bed.rs::601][2024-07-09 15:58:42][DEBUG] motif GCA,1 has 11 positions in tid 123, took 0.0000s (inf kb/msec)
[src/motif_bed.rs::601][2024-07-09 15:58:42][DEBUG] motif GCC,1 has 640 positions in tid 171, took 0.0000s (inf kb/msec)
[src/motif_bed.rs::601][2024-07-09 15:58:42][DEBUG] motif GCT,1 has 776 positions in tid 188, took 0.0010s (27.745 kb/msec)
[src/motif_bed.rs::601][2024-07-09 15:58:42][DEBUG] motif GCC,1 has 742 positions in tid 174, took 0.0000s (inf kb/msec)
[src/motif_bed.rs::601][2024-07-09 15:58:42][DEBUG] motif GCC,1 has 859 positions in tid 145, took 0.0000s (inf kb/msec)
[src/motif_bed.rs::601][2024-07-09 15:58:42][DEBUG] motif GCC,1 has 945 positions in tid 162, took 0.0000s (inf kb/msec)
[src/motif_bed.rs::601][2024-07-09 15:58:42][DEBUG] motif GCC,1 has 2263 positions in tid 177, took 0.0020s (78.716 kb/msec)
[src/motif_bed.rs::601][2024-07-09 15:58:42][DEBUG] motif GCT,1 has 602 positions in tid 130, took 0.0000s (inf kb/msec)
[src/motif_bed.rs::601][2024-07-09 15:58:42][DEBUG] motif GCC,1 has 685 positions in tid 193, took 0.0000s (inf kb/msec)
[src/motif_bed.rs::601][2024-07-09 15:58:42][DEBUG] motif GCT,1 has 1573 positions in tid 175, took 0.0010s (73.985 kb/msec)
[src/motif_bed.rs::601][2024-07-09 15:58:42][DEBUG] motif GCC,1 has 1724 positions in tid 190, took 0.0030s (13.397 kb/msec)
[src/motif_bed.rs::601][2024-07-09 15:58:42][DEBUG] motif GCA,1 has 3698 positions in tid 32, took 0.0040s (34.4295 kb/msec)
[src/motif_bed.rs::601][2024-07-09 15:58:42][DEBUG] motif GCC,1 has 3951 positions in tid 180, took 0.0040s (42.118 kb/msec)
[src/motif_bed.rs::601][2024-07-09 15:58:42][DEBUG] motif GCC,1 has 667 positions in tid 175, took 0.0000s (inf kb/msec)
[src/motif_bed.rs::601][2024-07-09 15:58:42][DEBUG] motif GCT,1 has 2653 positions in tid 120, took 0.0040s (34.5315 kb/msec)
[src/motif_bed.rs::601][2024-07-09 15:58:42][DEBUG] motif GCT,1 has 1876 positions in tid 165, took 0.0040s (70.20975 kb/msec)
[src/motif_bed.rs::601][2024-07-09 15:58:42][DEBUG] motif GCC,1 has 3235 positions in tid 186, took 0.0040s (37.2125 kb/msec)
[src/motif_bed.rs::601][2024-07-09 15:58:42][DEBUG] motif GCT,1 has 5831 positions in tid 148, took 0.0090s (19.560333333333332 kb/msec)
[src/motif_bed.rs::601][2024-07-09 15:58:42][DEBUG] motif GCC,1 has 1397 positions in tid 149, took 0.0020s (20.3725 kb/msec)
[src/motif_bed.rs::601][2024-07-09 15:58:42][DEBUG] motif GCA,1 has 5992 positions in tid 179, took 0.0100s (21.0658 kb/msec)
[src/motif_bed.rs::601][2024-07-09 15:58:42][DEBUG] motif GCA,1 has 8088 positions in tid 39, took 0.0080s (26.396625 kb/msec)
[src/motif_bed.rs::601][2024-07-09 15:58:42][DEBUG] motif GCA,1 has 3880 positions in tid 187, took 0.0060s (25.123666666666665 kb/msec)
[src/motif_bed.rs::601][2024-07-09 15:58:42][DEBUG] motif GCT,1 has 5756 positions in tid 179, took 0.0090s (23.406444444444446 kb/msec)
[src/motif_bed.rs::601][2024-07-09 15:58:42][DEBUG] motif GCC,1 has 3280 positions in tid 185, took 0.0040s (39.68975 kb/msec)
[src/motif_bed.rs::601][2024-07-09 15:58:42][DEBUG] motif GCC,1 has 936 positions in tid 151, took 0.0000s (inf kb/msec)
[src/motif_bed.rs::601][2024-07-09 15:58:42][DEBUG] motif GCT,1 has 4354 positions in tid 157, took 0.0110s (9.119636363636364 kb/msec)
[src/motif_bed.rs::601][2024-07-09 15:58:42][DEBUG] motif GCT,1 has 5083 positions in tid 39, took 0.0100s (21.1173 kb/msec)
[src/motif_bed.rs::601][2024-07-09 15:58:42][DEBUG] motif GCT,1 has 707 positions in tid 173, took 0.0000s (inf kb/msec)
[src/motif_bed.rs::601][2024-07-09 15:58:42][DEBUG] motif GCC,1 has 3736 positions in tid 161, took 0.0030s (57.60333333333333 kb/msec)
[src/motif_bed.rs::601][2024-07-09 15:58:42][DEBUG] motif GCC,1 has 2630 positions in tid 187, took 0.0030s (50.24733333333333 kb/msec)
[src/motif_bed.rs::601][2024-07-09 15:58:42][DEBUG] motif GCT,1 has 632 positions in tid 103, took 0.0000s (inf kb/msec)
[src/motif_bed.rs::601][2024-07-09 15:58:42][DEBUG] motif GCT,1 has 5455 positions in tid 26, took 0.0100s (20.1709 kb/msec)
[src/motif_bed.rs::601][2024-07-09 15:58:42][DEBUG] motif GCT,1 has 2390 positions in tid 33, took 0.0030s (58.86933333333333 kb/msec)
[src/motif_bed.rs::601][2024-07-09 15:58:42][DEBUG] motif GCT,1 has 498 positions in tid 166, took 0.0000s (inf kb/msec)
[src/motif_bed.rs::601][2024-07-09 15:58:42][DEBUG] motif GCC,1 has 3921 positions in tid 34, took 0.0030s (53.715666666666664 kb/msec)
[src/motif_bed.rs::601][2024-07-09 15:58:42][DEBUG] motif GCC,1 has 5429 positions in tid 167, took 0.0040s (37.6885 kb/msec)
[src/motif_bed.rs::601][2024-07-09 15:58:42][DEBUG] motif GCC,1 has 870 positions in tid 152, took 0.0000s (inf kb/msec)
[src/motif_bed.rs::601][2024-07-09 15:58:42][DEBUG] motif GCT,1 has 1687 positions in tid 172, took 0.0010s (181.92 kb/msec)
[src/motif_bed.rs::601][2024-07-09 15:58:42][DEBUG] motif GCC,1 has 6703 positions in tid 157, took 0.0120s (8.359666666666667 kb/msec)
[src/motif_bed.rs::601][2024-07-09 15:58:42][DEBUG] motif GCA,1 has 5391 positions in tid 167, took 0.0050s (30.1508 kb/msec)
[src/motif_bed.rs::601][2024-07-09 15:58:42][DEBUG] motif GCC,1 has 4224 positions in tid 142, took 0.0030s (58.35166666666667 kb/msec)
[src/motif_bed.rs::601][2024-07-09 15:58:42][DEBUG] motif GCC,1 has 455 positions in tid 173, took 0.0000s (inf kb/msec)
[src/motif_bed.rs::601][2024-07-09 15:58:42][DEBUG] motif GCT,1 has 4011 positions in tid 186, took 0.0060s (24.808333333333334 kb/msec)
[src/motif_bed.rs::601][2024-07-09 15:58:42][DEBUG] motif GCA,1 has 4234 positions in tid 177, took 0.0020s (78.716 kb/msec)
[src/motif_bed.rs::601][2024-07-09 15:58:42][DEBUG] motif GCC,1 has 492 positions in tid 103, took 0.0000s (inf kb/msec)
[src/motif_bed.rs::601][2024-07-09 15:58:42][DEBUG] motif GCC,1 has 2980 positions in tid 37, took 0.0010s (155.397 kb/msec)
[src/motif_bed.rs::601][2024-07-09 15:58:42][DEBUG] motif GCT,1 has 4095 positions in tid 155, took 0.0060s (29.474166666666665 kb/msec)
[src/motif_bed.rs::601][2024-07-09 15:58:42][DEBUG] motif GCC,1 has 5921 positions in tid 36, took 0.0050s (32.3604 kb/msec)
[src/motif_bed.rs::601][2024-07-09 15:58:42][DEBUG] motif GCC,1 has 523 positions in tid 166, took 0.0000s (inf kb/msec)
[src/motif_bed.rs::601][2024-07-09 15:58:42][DEBUG] motif GCC,1 has 4036 positions in tid 31, took 0.0040s (41.05975 kb/msec)
[src/motif_bed.rs::601][2024-07-09 15:58:42][DEBUG] motif GCA,1 has 4185 positions in tid 185, took 0.0010s (158.759 kb/msec)
[src/motif_bed.rs::601][2024-07-09 15:58:42][DEBUG] motif GCT,1 has 7204 positions in tid 104, took 0.0140s (28.004357142857142 kb/msec)
[src/motif_bed.rs::601][2024-07-09 15:58:42][DEBUG] motif GCC,1 has 2293 positions in tid 144, took 0.0010s (127.682 kb/msec)
[src/motif_bed.rs::601][2024-07-09 15:58:42][DEBUG] motif GCA,1 has 4734 positions in tid 34, took 0.0010s (161.147 kb/msec)
[src/motif_bed.rs::601][2024-07-09 15:58:42][DEBUG] motif GCC,1 has 6904 positions in tid 148, took 0.0030s (58.681 kb/msec)
[src/motif_bed.rs::601][2024-07-09 15:58:42][DEBUG] motif GCT,1 has 3378 positions in tid 144, took 0.0050s (25.5364 kb/msec)
[src/motif_bed.rs::601][2024-07-09 15:58:42][DEBUG] motif GCA,1 has 3825 positions in tid 152, took 0.0040s (38.44975 kb/msec)
[src/motif_bed.rs::601][2024-07-09 15:58:42][DEBUG] motif GCA,1 has 4199 positions in tid 151, took 0.0010s (161.471 kb/msec)
[src/motif_bed.rs::601][2024-07-09 15:58:42][DEBUG] motif GCC,1 has 2920 positions in tid 32, took 0.0020s (68.859 kb/msec)
[src/motif_bed.rs::601][2024-07-09 15:58:42][DEBUG] motif GCC,1 has 2786 positions in tid 33, took 0.0010s (176.608 kb/msec)
[src/motif_bed.rs::601][2024-07-09 15:58:42][DEBUG] motif GCT,1 has 5141 positions in tid 28, took 0.0050s (36.5792 kb/msec)
[src/motif_bed.rs::601][2024-07-09 15:58:42][DEBUG] motif GCA,1 has 4214 positions in tid 36, took 0.0010s (161.802 kb/msec)
[src/motif_bed.rs::601][2024-07-09 15:58:42][DEBUG] motif GCT,1 has 3673 positions in tid 187, took 0.0060s (25.123666666666665 kb/msec)
[src/motif_bed.rs::601][2024-07-09 15:58:42][DEBUG] motif GCA,1 has 4117 positions in tid 37, took 0.0020s (77.6985 kb/msec)
[src/motif_bed.rs::601][2024-07-09 15:58:42][DEBUG] motif GCC,1 has 3628 positions in tid 155, took 0.0010s (176.845 kb/msec)
[src/motif_bed.rs::601][2024-07-09 15:58:42][DEBUG] motif GCA,1 has 12695 positions in tid 163, took 0.0120s (37.354 kb/msec)
[src/motif_bed.rs::601][2024-07-09 15:58:42][DEBUG] motif GCT,1 has 3649 positions in tid 32, took 0.0040s (34.4295 kb/msec)
[src/motif_bed.rs::601][2024-07-09 15:58:42][DEBUG] motif GCT,1 has 3905 positions in tid 177, took 0.0070s (22.490285714285715 kb/msec)
[src/motif_bed.rs::601][2024-07-09 15:58:42][DEBUG] motif GCC,1 has 3131 positions in tid 35, took 0.0010s (179.198 kb/msec)
[src/motif_bed.rs::601][2024-07-09 15:58:42][DEBUG] motif GCC,1 has 2626 positions in tid 38, took 0.0010s (179.693 kb/msec)
[src/motif_bed.rs::601][2024-07-09 15:58:42][DEBUG] motif GCT,1 has 3497 positions in tid 185, took 0.0030s (52.919666666666664 kb/msec)
[src/motif_bed.rs::601][2024-07-09 15:58:42][DEBUG] motif GCC,1 has 6292 positions in tid 169, took 0.0030s (59.924 kb/msec)
[src/motif_bed.rs::601][2024-07-09 15:58:42][DEBUG] motif GCC,1 has 1351 positions in tid 172, took 0.0000s (inf kb/msec)
[src/motif_bed.rs::601][2024-07-09 15:58:42][DEBUG] motif GCT,1 has 4423 positions in tid 34, took 0.0020s (80.5735 kb/msec)
[src/motif_bed.rs::601][2024-07-09 15:58:42][DEBUG] motif GCC,1 has 4127 positions in tid 28, took 0.0010s (182.896 kb/msec)
[src/motif_bed.rs::601][2024-07-09 15:58:42][DEBUG] motif GCA,1 has 10723 positions in tid 104, took 0.0350s (11.201742857142857 kb/msec)
[src/motif_bed.rs::601][2024-07-09 15:58:42][DEBUG] motif GCC,1 has 3375 positions in tid 29, took 0.0020s (92.7955 kb/msec)
[src/motif_bed.rs::601][2024-07-09 15:58:42][DEBUG] motif GCT,1 has 5562 positions in tid 151, took 0.0040s (40.36775 kb/msec)
[src/motif_bed.rs::601][2024-07-09 15:58:42][DEBUG] motif GCT,1 has 44666 positions in tid 164, took 0.0620s (30.205790322580643 kb/msec)
[src/motif_bed.rs::601][2024-07-09 15:58:42][DEBUG] motif GCC,1 has 3503 positions in tid 178, took 0.0010s (186.739 kb/msec)
[src/motif_bed.rs::601][2024-07-09 15:58:42][DEBUG] motif GCT,1 has 5158 positions in tid 167, took 0.0140s (10.768142857142857 kb/msec)
[src/motif_bed.rs::601][2024-07-09 15:58:42][DEBUG] motif GCC,1 has 5193 positions in tid 27, took 0.0020s (95.7345 kb/msec)
[src/motif_bed.rs::601][2024-07-09 15:58:42][DEBUG] motif GCC,1 has 3586 positions in tid 158, took 0.0010s (194.05 kb/msec)
[src/motif_bed.rs::601][2024-07-09 15:58:42][DEBUG] motif GCT,1 has 4341 positions in tid 36, took 0.0060s (26.967 kb/msec)
[src/motif_bed.rs::601][2024-07-09 15:58:42][DEBUG] motif GCC,1 has 1737 positions in tid 183, took 0.0000s (inf kb/msec)
[src/motif_bed.rs::601][2024-07-09 15:58:42][DEBUG] motif GCT,1 has 4620 positions in tid 152, took 0.0060s (25.633166666666668 kb/msec)
[src/motif_bed.rs::601][2024-07-09 15:58:42][DEBUG] motif GCC,1 has 4313 positions in tid 26, took 0.0020s (100.8545 kb/msec)
[src/motif_bed.rs::601][2024-07-09 15:58:42][DEBUG] motif GCC,1 has 4278 positions in tid 25, took 0.0010s (209.709 kb/msec)
[src/motif_bed.rs::601][2024-07-09 15:58:42][DEBUG] motif GCC,1 has 4889 positions in tid 179, took 0.0020s (105.329 kb/msec)
[src/motif_bed.rs::601][2024-07-09 15:58:42][DEBUG] motif GCT,1 has 4755 positions in tid 31, took 0.0090s (18.24877777777778 kb/msec)
[src/motif_bed.rs::601][2024-07-09 15:58:42][DEBUG] motif GCT,1 has 3965 positions in tid 37, took 0.0080s (19.424625 kb/msec)
[src/motif_bed.rs::601][2024-07-09 15:58:42][DEBUG] motif GCC,1 has 6937 positions in tid 39, took 0.0030s (70.391 kb/msec)
[src/motif_bed.rs::601][2024-07-09 15:58:42][DEBUG] motif GCC,1 has 1632 positions in tid 165, took 0.0000s (inf kb/msec)
[src/motif_bed.rs::601][2024-07-09 15:58:42][DEBUG] motif GCT,1 has 11787 positions in tid 163, took 0.0340s (13.183764705882353 kb/msec)
[src/motif_bed.rs::601][2024-07-09 15:58:42][DEBUG] motif GCC,1 has 5666 positions in tid 104, took 0.0020s (196.0305 kb/msec)
[src/motif_bed.rs::601][2024-07-09 15:58:42][DEBUG] motif GCC,1 has 9273 positions in tid 163, took 0.0040s (112.062 kb/msec)
[src/motif_bed.rs::601][2024-07-09 15:58:42][DEBUG] motif GCC,1 has 40768 positions in tid 164, took 0.0580s (32.28894827586207 kb/msec)
[src/motif_bed.rs::601][2024-07-09 15:58:42][DEBUG] motif GCC,1 has 925567 positions in tid 20, took 0.4310s (108.37583062645011 kb/msec)
[src/motif_bed.rs::601][2024-07-09 15:58:42][DEBUG] motif GCT,1 has 1101538 positions in tid 20, took 0.6790s (68.79231664212077 kb/msec)
[src/motif_bed.rs::601][2024-07-09 15:58:42][DEBUG] motif GCT,1 has 673865 positions in tid 23, took 0.7120s (80.37558286516854 kb/msec)
[src/motif_bed.rs::601][2024-07-09 15:58:43][DEBUG] motif GCC,1 has 1335678 positions in tid 21, took 0.5530s (91.89596383363472 kb/msec)
[src/motif_bed.rs::601][2024-07-09 15:58:43][DEBUG] motif GCC,1 has 543881 positions in tid 23, took 0.2210s (258.94757918552034 kb/msec)
[src/motif_bed.rs::601][2024-07-09 15:58:43][DEBUG] motif GCA,1 has 1164139 positions in tid 20, took 1.5190s (30.750482554312047 kb/msec)
[src/motif_bed.rs::601][2024-07-09 15:58:43][DEBUG] motif GCA,1 has 1883958 positions in tid 18, took 1.5400s (38.063387012987015 kb/msec)
[src/motif_bed.rs::601][2024-07-09 15:58:44][DEBUG] motif GCT,1 has 1899865 positions in tid 18, took 1.8880s (31.047466101694916 kb/msec)
[src/motif_bed.rs::601][2024-07-09 15:58:44][DEBUG] motif GCA,1 has 2516448 positions in tid 14, took 1.9310s (52.81780890730192 kb/msec)
[src/motif_bed.rs::601][2024-07-09 15:58:44][DEBUG] motif GCT,1 has 1304497 positions in tid 21, took 1.9380s (26.22211971104231 kb/msec)
[src/motif_bed.rs::601][2024-07-09 15:58:44][DEBUG] motif GCT,1 has 2158667 positions in tid 17, took 2.3730s (33.86990518331226 kb/msec)
[src/motif_bed.rs::601][2024-07-09 15:58:44][DEBUG] motif GCC,1 has 2129804 positions in tid 18, took 1.1260s (52.05827353463588 kb/msec)
[src/motif_bed.rs::601][2024-07-09 15:58:44][DEBUG] motif GCA,1 has 2274818 positions in tid 17, took 2.5520s (31.49423393416928 kb/msec)
[src/motif_bed.rs::601][2024-07-09 15:58:44][DEBUG] motif GCT,1 has 2535599 positions in tid 15, took 2.6130s (34.57265403750478 kb/msec)
[src/motif_bed.rs::601][2024-07-09 15:58:44][DEBUG] motif GCT,1 has 3438368 positions in tid 8, took 2.6900s (51.447850185873605 kb/msec)
[src/motif_bed.rs::601][2024-07-09 15:58:44][DEBUG] motif GCC,1 has 1662464 positions in tid 17, took 0.7830s (102.6478735632184 kb/msec)
[src/motif_bed.rs::601][2024-07-09 15:58:44][DEBUG] motif GCT,1 has 1962309 positions in tid 19, took 2.7800s (23.181355035971222 kb/msec)
[src/motif_bed.rs::601][2024-07-09 15:58:44][DEBUG] motif GCA,1 has 2003356 positions in tid 19, took 2.7830s (23.156366151634927 kb/msec)
[src/motif_bed.rs::601][2024-07-09 15:58:44][DEBUG] motif GCT,1 has 3957586 positions in tid 7, took 2.1090s (68.81869890943575 kb/msec)
[src/motif_bed.rs::601][2024-07-09 15:58:44][DEBUG] motif GCT,1 has 2537888 positions in tid 13, took 2.7970s (38.27090382552735 kb/msec)
[src/motif_bed.rs::601][2024-07-09 15:58:45][DEBUG] motif GCT,1 has 2634530 positions in tid 16, took 2.8560s (29.15176505602241 kb/msec)
[src/motif_bed.rs::601][2024-07-09 15:58:45][DEBUG] motif GCT,1 has 2474828 positions in tid 14, took 2.9050s (35.108843029259894 kb/msec)
[src/motif_bed.rs::601][2024-07-09 15:58:45][DEBUG] motif GCC,1 has 2960272 positions in tid 8, took 1.1080s (124.90497924187726 kb/msec)
[src/motif_bed.rs::601][2024-07-09 15:58:45][DEBUG] motif GCC,1 has 3108553 positions in tid 11, took 1.7930s (74.33090295593976 kb/msec)
[src/motif_bed.rs::601][2024-07-09 15:58:45][DEBUG] motif GCT,1 has 3686797 positions in tid 11, took 3.4710s (38.39680466724287 kb/msec)
[src/motif_bed.rs::601][2024-07-09 15:58:45][DEBUG] motif GCC,1 has 2154942 positions in tid 14, took 1.1610s (87.84770801033592 kb/msec)
[src/motif_bed.rs::601][2024-07-09 15:58:46][DEBUG] motif GCC,1 has 3717862 positions in tid 6, took 1.8410s (86.5540320478001 kb/msec)
[src/motif_bed.rs::601][2024-07-09 15:58:46][DEBUG] motif GCA,1 has 2681621 positions in tid 12, took 4.2780s (26.733129499766246 kb/msec)
[src/motif_bed.rs::601][2024-07-09 15:58:46][DEBUG] motif GCT,1 has 4551 positions in tid 35, took 4.2850s (0.04181983663943991 kb/msec)
[src/motif_bed.rs::601][2024-07-09 15:58:47][DEBUG] motif GCT,1 has 4042386 positions in tid 22, took 2.0580s (75.82162050534501 kb/msec)
[src/motif_bed.rs::601][2024-07-09 15:58:47][DEBUG] motif GCA,1 has 3792088 positions in tid 11, took 5.3110s (25.09420241009226 kb/msec)
[src/motif_bed.rs::601][2024-07-09 15:58:47][DEBUG] motif GCA,1 has 4588459 positions in tid 6, took 5.3700s (29.67336554934823 kb/msec)
[src/motif_bed.rs::601][2024-07-09 15:58:47][DEBUG] motif GCC,1 has 2127187 positions in tid 13, took 2.3560s (45.43451528013583 kb/msec)
[src/motif_bed.rs::601][2024-07-09 15:58:47][DEBUG] motif GCA,1 has 2577558 positions in tid 15, took 2.1090s (42.83468231389284 kb/msec)
[src/motif_bed.rs::601][2024-07-09 15:58:47][DEBUG] motif GCA,1 has 3536369 positions in tid 8, took 5.5270s (25.039753392437127 kb/msec)
[src/motif_bed.rs::601][2024-07-09 15:58:47][DEBUG] motif GCC,1 has 3269950 positions in tid 9, took 3.1170s (42.9250632017966 kb/msec)
[src/motif_bed.rs::601][2024-07-09 15:58:47][DEBUG] motif GCC,1 has 3276112 positions in tid 10, took 2.4230s (55.75180437474206 kb/msec)
[src/motif_bed.rs::601][2024-07-09 15:58:47][DEBUG] motif GCC,1 has 3835421 positions in tid 4, took 2.0780s (87.36201106833495 kb/msec)
[src/motif_bed.rs::601][2024-07-09 15:58:47][DEBUG] motif GCC,1 has 3668622 positions in tid 3, took 2.2510s (84.50224566859174 kb/msec)
[src/motif_bed.rs::601][2024-07-09 15:58:47][DEBUG] motif GCA,1 has 2598873 positions in tid 13, took 5.6770s (18.85568398802184 kb/msec)
[src/motif_bed.rs::601][2024-07-09 15:58:47][DEBUG] motif GCC,1 has 5782795 positions in tid 0, took 2.0890s (119.17492675921494 kb/msec)
[src/motif_bed.rs::601][2024-07-09 15:58:47][DEBUG] motif GCA,1 has 4733520 positions in tid 5, took 4.9620s (34.42280914953648 kb/msec)
[src/motif_bed.rs::601][2024-07-09 15:58:47][DEBUG] motif GCC,1 has 5410107 positions in tid 1, took 2.1510s (112.59578289167828 kb/msec)
[src/motif_bed.rs::601][2024-07-09 15:58:47][DEBUG] motif GCC,1 has 3206831 positions in tid 22, took 2.7840s (56.049172054597705 kb/msec)
[src/motif_bed.rs::601][2024-07-09 15:58:48][DEBUG] motif GCC,1 has 4276456 positions in tid 2, took 2.3260s (85.25174505588994 kb/msec)
[src/motif_bed.rs::601][2024-07-09 15:58:48][DEBUG] motif GCA,1 has 4318305 positions in tid 22, took 5.9840s (26.076352774064173 kb/msec)
[src/motif_bed.rs::601][2024-07-09 15:58:48][DEBUG] motif GCT,1 has 4826396 positions in tid 4, took 6.1200s (29.663114215686274 kb/msec)
[src/motif_bed.rs::601][2024-07-09 15:58:48][DEBUG] motif GCA,1 has 4136583 positions in tid 7, took 6.0900s (23.832288341543514 kb/msec)
[src/motif_bed.rs::601][2024-07-09 15:58:48][DEBUG] motif GCA,1 has 5100 positions in tid 31, took 6.1070s (0.02689356476174881 kb/msec)
[src/motif_bed.rs::601][2024-07-09 15:58:48][DEBUG] motif GCC,1 has 3633618 positions in tid 5, took 2.6260s (65.0441656511805 kb/msec)
[src/motif_bed.rs::601][2024-07-09 15:58:48][DEBUG] motif GCA,1 has 5528242 positions in tid 2, took 4.6970s (42.21749180327869 kb/msec)
[src/motif_bed.rs::601][2024-07-09 15:58:48][DEBUG] motif GCA,1 has 5063242 positions in tid 4, took 3.0990s (58.57962536302033 kb/msec)
[src/motif_bed.rs::601][2024-07-09 15:58:48][DEBUG] motif GCA,1 has 2629199 positions in tid 16, took 6.2130s (13.40052164815709 kb/msec)
[src/motif_bed.rs::601][2024-07-09 15:58:48][DEBUG] motif GCA,1 has 6847261 positions in tid 1, took 5.3750s (45.05926120930233 kb/msec)
[src/motif_bed.rs::601][2024-07-09 15:58:48][DEBUG] motif GCC,1 has 2456327 positions in tid 15, took 3.5180s (25.678892836839115 kb/msec)
[src/motif_bed.rs::601][2024-07-09 15:58:48][DEBUG] motif GCA,1 has 754554 positions in tid 23, took 6.3040s (9.077952887055838 kb/msec)
[src/motif_bed.rs::601][2024-07-09 15:58:48][DEBUG] motif GCT,1 has 4842652 positions in tid 3, took 6.3480s (29.96448566477631 kb/msec)
[src/motif_bed.rs::601][2024-07-09 15:58:48][DEBUG] motif GCA,1 has 5114100 positions in tid 3, took 6.3610s (29.903247130954252 kb/msec)
[src/motif_bed.rs::601][2024-07-09 15:58:48][DEBUG] motif GCC,1 has 3188119 positions in tid 7, took 4.0410s (35.9165147240782 kb/msec)
[src/motif_bed.rs::601][2024-07-09 15:58:48][DEBUG] motif GCT,1 has 4380943 positions in tid 6, took 6.4430s (24.731642557814684 kb/msec)
[src/motif_bed.rs::601][2024-07-09 15:58:48][DEBUG] motif GCC,1 has 2592665 positions in tid 16, took 3.7120s (22.429267510775862 kb/msec)
[src/motif_bed.rs::601][2024-07-09 15:58:48][DEBUG] motif GCT,1 has 4544379 positions in tid 5, took 6.4640s (26.42419229579208 kb/msec)
[src/motif_bed.rs::601][2024-07-09 15:58:48][DEBUG] motif GCC,1 has 1927200 positions in tid 12, took 3.4340s (33.30353174140944 kb/msec)
[src/motif_bed.rs::601][2024-07-09 15:58:48][DEBUG] motif GCT,1 has 2528283 positions in tid 12, took 6.4700s (17.676093972179288 kb/msec)
[src/motif_bed.rs::601][2024-07-09 15:58:48][DEBUG] motif GCT,1 has 4555 positions in tid 38, took 6.4730s (0.02776038930943921 kb/msec)
[src/motif_bed.rs::601][2024-07-09 15:58:48][DEBUG] motif GCT,1 has 4810 positions in tid 169, took 6.4940s (0.02768278410840776 kb/msec)
[src/motif_bed.rs::601][2024-07-09 15:58:48][DEBUG] motif GCA,1 has 6718444 positions in tid 0, took 4.6090s (54.01527923627685 kb/msec)
[src/motif_bed.rs::601][2024-07-09 15:58:48][DEBUG] motif GCT,1 has 5325667 positions in tid 2, took 6.5260s (30.385467208090713 kb/msec)
[src/motif_bed.rs::601][2024-07-09 15:58:48][DEBUG] motif GCT,1 has 3805858 positions in tid 9, took 6.5590s (20.39905808812319 kb/msec)
[src/motif_bed.rs::601][2024-07-09 15:58:48][DEBUG] motif GCC,1 has 1781464 positions in tid 19, took 4.2410s (15.195512143362414 kb/msec)
[src/motif_bed.rs::601][2024-07-09 15:58:48][DEBUG] motif GCT,1 has 3833903 positions in tid 10, took 6.6200s (20.40583413897281 kb/msec)
[src/motif_bed.rs::601][2024-07-09 15:58:48][DEBUG] motif GCA,1 has 3942862 positions in tid 10, took 6.5920s (20.492509405339806 kb/msec)
[src/motif_bed.rs::601][2024-07-09 15:58:48][DEBUG] motif GCA,1 has 3939707 positions in tid 9, took 6.6270s (20.189742266485588 kb/msec)
[src/motif_bed.rs::601][2024-07-09 15:58:49][DEBUG] motif GCT,1 has 6626363 positions in tid 0, took 6.0190s (41.36175809935205 kb/msec)
[src/motif_bed.rs::601][2024-07-09 15:58:49][DEBUG] motif GCT,1 has 6624868 positions in tid 1, took 6.8190s (35.51745549200763 kb/msec)
[src/motif_bed.rs::601][2024-07-09 15:58:49][DEBUG] motif GCA,1 has 1300842 positions in tid 21, took 6.9480s (7.314114565342544 kb/msec)
[src/command_utils.rs::100][2024-07-09 15:58:49][INFO] attempting to sample 10042 reads
[src/reads_sampler/mod.rs::41][2024-07-09 15:58:49][DEBUG] found BAM index, sampling reads in 1000000 base pair chunks
[src/reads_sampler/sampling_schedule.rs::233][2024-07-09 15:58:49][DEBUG] removed 0 contigs from schedule with <= 1 reads
[src/reads_sampler/sampling_schedule.rs::127][2024-07-09 15:58:49][DEBUG] derived sampling schedule, sampling total 10177 reads from 186 contigs, 0 unmapped reads
[src/reads_sampler/sampling_schedule.rs::140][2024-07-09 15:58:49][DEBUG] schedule: SQ: 0, 921 reads SQ: 1, 701 reads SQ: 3, 640 reads SQ: 4, 584 reads SQ: 2, 575 reads SQ: 5, 498 reads SQ: 6, 487 reads SQ: 9, 480 reads SQ: 22, 453 reads SQ: 7, 431 reads SQ: 8, 428 reads SQ: 10, 405 reads SQ: 11, 374 reads SQ: 15, 320 reads SQ: 16, 282 reads SQ: 12, 281 reads SQ: 13, 277 reads SQ: 14, 276 reads SQ: 17, 260 reads SQ: 19, 240 reads SQ: 20, 227 reads SQ: 18, 225 reads SQ: 21, 168 reads SQ: 24, 99 reads SQ: 108, 49 reads SQ: 23, 48 reads SQ: 39, 32 reads SQ: 103, 30 reads SQ: 36, 30 reads SQ: 169, 27 reads SQ: 55, 24 reads SQ: 33, 24 reads SQ: 165, 14 reads SQ: 172, 13 reads SQ: 145, 13 reads SQ: 164, 12 reads SQ: 104, 8 reads SQ: 25, 6 reads SQ: 180, 6 reads SQ: 178, 5 reads SQ: 32, 5 reads SQ: 170, 5 reads SQ: 38, 4 reads SQ: 26, 4 reads SQ: 179, 4 reads SQ: 37, 4 reads SQ: 166, 4 reads SQ: 27, 4 reads SQ: 148, 3 reads SQ: 107, 3 reads SQ: 28, 3 reads SQ: 142, 3 reads SQ: 187, 3 reads SQ: 163, 3 reads SQ: 184, 2 reads SQ: 167, 2 reads SQ: 155, 2 reads SQ: 186, 2 reads SQ: 40, 2 reads SQ: 193, 2 reads SQ: 126, 2 reads SQ: 59, 2 reads SQ: 35, 2 reads SQ: 152, 2 reads SQ: 183, 2 reads SQ: 190, 2 reads SQ: 185, 2 reads SQ: 173, 2 reads SQ: 161, 2 reads SQ: 192, 2 reads SQ: 34, 2 reads SQ: 120, 2 reads SQ: 29, 2 reads SQ: 158, 2 reads SQ: 189, 1 reads SQ: 122, 1 reads SQ: 177, 1 reads SQ: 110, 1 reads SQ: 43, 1 reads SQ: 98, 1 reads SQ: 31, 1 reads SQ: 153, 1 reads SQ: 86, 1 reads SQ: 141, 1 reads SQ: 74, 1 reads SQ: 129, 1 reads SQ: 62, 1 reads SQ: 117, 1 reads SQ: 50, 1 reads SQ: 105, 1 reads SQ: 160, 1 reads SQ: 93, 1 reads SQ: 81, 1 reads SQ: 136, 1 reads SQ: 69, 1 reads SQ: 191, 1 reads SQ: 124, 1 reads SQ: 112, 1 reads SQ: 45, 1 reads SQ: 88, 1 reads SQ: 143, 1 reads SQ: 131, 1 reads SQ: 64, 1 reads SQ: 119, 1 reads SQ: 52, 1 reads SQ: 174, 1 reads SQ: 162, 1 reads SQ: 95, 1 reads SQ: 150, 1 reads SQ: 83, 1 reads SQ: 138, 1 reads SQ: 71, 1 reads SQ: 181, 1 reads SQ: 114, 1 reads SQ: 47, 1 reads SQ: 102, 1 reads SQ: 157, 1 reads SQ: 90, 1 reads SQ: 78, 1 reads SQ: 133, 1 reads SQ: 66, 1 reads SQ: 121, 1 reads SQ: 54, 1 reads SQ: 109, 1 reads SQ: 42, 1 reads SQ: 97, 1 reads SQ: 30, 1 reads SQ: 85, 1 reads SQ: 140, 1 reads SQ: 73, 1 reads SQ: 128, 1 reads SQ: 61, 1 reads SQ: 116, 1 reads SQ: 49, 1 reads SQ: 171, 1 reads SQ: 159, 1 reads SQ: 92, 1 reads SQ: 147, 1 reads SQ: 80, 1 reads SQ: 135, 1 reads SQ: 123, 1 reads SQ: 56, 1 reads SQ: 111, 1 reads SQ: 44, 1 reads SQ: 99, 1 reads SQ: 154, 1 reads SQ: 87, 1 reads SQ: 75, 1 reads SQ: 130, 1 reads SQ: 63, 1 reads SQ: 118, 1 reads SQ: 51, 1 reads SQ: 106, 1 reads SQ: 94, 1 reads SQ: 149, 1 reads SQ: 82, 1 reads SQ: 137, 1 reads SQ: 70, 1 reads SQ: 125, 1 reads SQ: 58, 1 reads SQ: 113, 1 reads SQ: 46, 1 reads SQ: 168, 1 reads SQ: 101, 1 reads SQ: 156, 1 reads SQ: 89, 1 reads SQ: 144, 1 reads SQ: 77, 1 reads SQ: 132, 1 reads SQ: 65, 1 reads SQ: 53, 1 reads SQ: 175, 1 reads SQ: 41, 1 reads SQ: 96, 1 reads SQ: 151, 1 reads SQ: 84, 1 reads SQ: 139, 1 reads SQ: 127, 1 reads SQ: 182, 1 reads SQ: 115, 1 reads SQ: 48, 1 reads SQ: 91, 1 reads SQ: 146, 1 reads SQ: 79, 1 reads SQ: 134, 1 reads SQ: 67, 1 reads 
[src/interval_chunks.rs::506][2024-07-09 15:58:49][DEBUG] there are 186 contigs to work on
[src/reads_sampler/mod.rs::209][2024-07-09 15:58:49][DEBUG] batch has total length 60000000
[src/reads_sampler/mod.rs::209][2024-07-09 15:58:51][DEBUG] batch has total length 60000000
[src/reads_sampler/mod.rs::209][2024-07-09 15:58:51][DEBUG] batch has total length 60000000
[src/reads_sampler/mod.rs::209][2024-07-09 15:58:51][DEBUG] batch has total length 60000000
[src/reads_sampler/mod.rs::209][2024-07-09 15:58:52][DEBUG] batch has total length 60956422
[src/reads_sampler/mod.rs::209][2024-07-09 15:58:52][DEBUG] batch has total length 60000000
[src/reads_sampler/mod.rs::209][2024-07-09 15:58:52][DEBUG] batch has total length 60000000
[src/reads_sampler/mod.rs::209][2024-07-09 15:58:53][DEBUG] batch has total length 60000000
[src/reads_sampler/mod.rs::209][2024-07-09 15:58:53][DEBUG] batch has total length 60193529
[src/reads_sampler/mod.rs::209][2024-07-09 15:58:53][DEBUG] batch has total length 60000000
[src/reads_sampler/mod.rs::209][2024-07-09 15:58:54][DEBUG] batch has total length 60000000
[src/reads_sampler/mod.rs::209][2024-07-09 15:58:54][DEBUG] batch has total length 60295559
[src/reads_sampler/mod.rs::209][2024-07-09 15:58:55][DEBUG] batch has total length 60000000
[src/reads_sampler/mod.rs::209][2024-07-09 15:58:55][DEBUG] batch has total length 60000000
[src/reads_sampler/mod.rs::209][2024-07-09 15:58:55][DEBUG] batch has total length 60214555
[src/reads_sampler/mod.rs::209][2024-07-09 15:58:55][DEBUG] batch has total length 60000000
[src/reads_sampler/mod.rs::209][2024-07-09 15:58:56][DEBUG] batch has total length 60000000
[src/reads_sampler/mod.rs::209][2024-07-09 15:58:56][DEBUG] batch has total length 60538259
[src/reads_sampler/mod.rs::209][2024-07-09 15:58:56][DEBUG] batch has total length 60000000
[src/reads_sampler/mod.rs::209][2024-07-09 15:58:56][DEBUG] batch has total length 60000000
[src/reads_sampler/mod.rs::209][2024-07-09 15:58:57][DEBUG] batch has total length 60805979
[src/reads_sampler/mod.rs::209][2024-07-09 15:58:57][DEBUG] batch has total length 60000000
[src/reads_sampler/mod.rs::209][2024-07-09 15:58:57][DEBUG] batch has total length 60000000
[src/reads_sampler/mod.rs::209][2024-07-09 15:58:58][DEBUG] batch has total length 60345973
[src/reads_sampler/mod.rs::209][2024-07-09 15:58:58][DEBUG] batch has total length 60000000
[src/reads_sampler/mod.rs::209][2024-07-09 15:58:58][DEBUG] batch has total length 60138636
[src/reads_sampler/mod.rs::209][2024-07-09 15:58:59][DEBUG] batch has total length 60000000
[src/reads_sampler/mod.rs::209][2024-07-09 15:58:59][DEBUG] batch has total length 60394717
[src/reads_sampler/mod.rs::209][2024-07-09 15:58:59][DEBUG] batch has total length 60000000
[src/reads_sampler/mod.rs::209][2024-07-09 15:59:00][DEBUG] batch has total length 60000000
[src/reads_sampler/mod.rs::209][2024-07-09 15:59:00][DEBUG] batch has total length 60797422
[src/reads_sampler/mod.rs::209][2024-07-09 15:59:00][DEBUG] batch has total length 60000000
[src/reads_sampler/mod.rs::209][2024-07-09 15:59:00][DEBUG] batch has total length 60086622
[src/reads_sampler/mod.rs::209][2024-07-09 15:59:01][DEBUG] batch has total length 60000000
[src/reads_sampler/mod.rs::209][2024-07-09 15:59:01][DEBUG] batch has total length 60275309
[src/reads_sampler/mod.rs::209][2024-07-09 15:59:01][DEBUG] batch has total length 60000000
[src/reads_sampler/mod.rs::209][2024-07-09 15:59:02][DEBUG] batch has total length 60364328
[src/reads_sampler/mod.rs::209][2024-07-09 15:59:02][DEBUG] batch has total length 60000000
[src/reads_sampler/mod.rs::209][2024-07-09 15:59:02][DEBUG] batch has total length 60043718
[src/reads_sampler/mod.rs::209][2024-07-09 15:59:03][DEBUG] batch has total length 60991189
[src/reads_sampler/mod.rs::209][2024-07-09 15:59:03][DEBUG] batch has total length 60000000
[src/reads_sampler/mod.rs::209][2024-07-09 15:59:03][DEBUG] batch has total length 60338345
[src/reads_sampler/mod.rs::209][2024-07-09 15:59:04][DEBUG] batch has total length 60257441
[src/reads_sampler/mod.rs::209][2024-07-09 15:59:04][DEBUG] batch has total length 60000000
[src/reads_sampler/mod.rs::209][2024-07-09 15:59:04][DEBUG] batch has total length 60373285
[src/reads_sampler/mod.rs::209][2024-07-09 15:59:05][DEBUG] batch has total length 60617616
[src/reads_sampler/mod.rs::209][2024-07-09 15:59:05][DEBUG] batch has total length 61154150
[src/reads_sampler/mod.rs::209][2024-07-09 15:59:05][DEBUG] batch has total length 60818468
[src/reads_sampler/mod.rs::209][2024-07-09 15:59:06][DEBUG] batch has total length 60000000
[src/reads_sampler/mod.rs::209][2024-07-09 15:59:06][DEBUG] batch has total length 60000000
[src/reads_sampler/mod.rs::209][2024-07-09 15:59:06][DEBUG] batch has total length 60040895
[src/interval_chunks.rs::577][2024-07-09 15:59:07][DEBUG] no more records to process
[src/reads_sampler/mod.rs::209][2024-07-09 15:59:07][DEBUG] batch has total length 29634707
[src/reads_sampler/mod.rs::118][2024-07-09 15:59:07][DEBUG] sampled 25470 records
[src/command_utils.rs::121][2024-07-09 15:59:15][DEBUG] estimated pass threshold 0.8251953 for primary sequence base C
[src/pileup/subcommand.rs::672][2024-07-09 15:59:15][INFO] Using filter threshold 0.8251953 for C.
[src/interval_chunks.rs::506][2024-07-09 15:59:15][DEBUG] there are 194 contigs to work on
[src/read_cache.rs::355][2024-07-09 16:02:23][DEBUG] read 04769d89-708f-4187-bbbd-d642e695ee40, Skipped: record 04769d89-708f-4187-bbbd-d642e695ee40 has no mod calls
[src/read_cache.rs::355][2024-07-09 16:13:47][DEBUG] read b3f66f2a-3102-4b94-9f59-b5e9b5607ab5, Skipped: record b3f66f2a-3102-4b94-9f59-b5e9b5607ab5 has no mod calls
[src/read_cache.rs::355][2024-07-09 16:13:50][DEBUG] read 96241bcb-656b-43b3-9567-15f7ec7cc7b8, Skipped: record 96241bcb-656b-43b3-9567-15f7ec7cc7b8 has no mod calls
[src/interval_chunks.rs::577][2024-07-09 16:17:47][DEBUG] no more records to process
[src/pileup/subcommand.rs::819][2024-07-09 16:17:51][INFO] Done, processed 227182788 rows. Processed ~7799900 reads and skipped ~3 reads.
